{"D:\\Luis_D\\CURSO_UDEMY\\CASHTRACKR\\backend\\src\\config\\nodemailer.ts": {"path":"D:\\Luis_D\\CURSO_UDEMY\\CASHTRACKR\\backend\\src\\config\\nodemailer.ts","statementMap":{"0":{"start":{"line":1,"column":0},"end":{"line":1,"column":35}},"1":{"start":{"line":2,"column":0},"end":{"line":2,"column":27}},"2":{"start":{"line":3,"column":0},"end":{"line":3,"column":null}},"3":{"start":{"line":15,"column":15},"end":{"line":25,"column":1}},"4":{"start":{"line":16,"column":4},"end":{"line":23,"column":null}},"5":{"start":{"line":27,"column":13},"end":{"line":27,"column":null}}},"fnMap":{"0":{"name":"(anonymous_1)","decl":{"start":{"line":15,"column":15},"end":{"line":15,"column":36}},"loc":{"start":{"line":15,"column":38},"end":{"line":25,"column":1}}}},"branchMap":{},"s":{"0":1,"1":1,"2":1,"3":1,"4":1,"5":1},"f":{"0":1},"b":{}}
,"D:\\Luis_D\\CURSO_UDEMY\\CASHTRACKR\\backend\\src\\controllers\\AuthController.ts": {"path":"D:\\Luis_D\\CURSO_UDEMY\\CASHTRACKR\\backend\\src\\controllers\\AuthController.ts","statementMap":{"0":{"start":{"line":2,"column":0},"end":{"line":2,"column":33}},"1":{"start":{"line":3,"column":0},"end":{"line":3,"column":62}},"2":{"start":{"line":4,"column":0},"end":{"line":4,"column":46}},"3":{"start":{"line":5,"column":0},"end":{"line":5,"column":47}},"4":{"start":{"line":6,"column":0},"end":{"line":6,"column":43}},"5":{"start":{"line":13,"column":27},"end":{"line":41,"column":5}},"6":{"start":{"line":14,"column":36},"end":{"line":14,"column":44}},"7":{"start":{"line":15,"column":27},"end":{"line":15,"column":67}},"8":{"start":{"line":17,"column":8},"end":{"line":20,"column":9}},"9":{"start":{"line":18,"column":26},"end":{"line":18,"column":68}},"10":{"start":{"line":19,"column":12},"end":{"line":19,"column":null}},"11":{"start":{"line":22,"column":8},"end":{"line":38,"column":9}},"12":{"start":{"line":23,"column":25},"end":{"line":23,"column":52}},"13":{"start":{"line":24,"column":12},"end":{"line":24,"column":null}},"14":{"start":{"line":25,"column":12},"end":{"line":25,"column":null}},"15":{"start":{"line":26,"column":12},"end":{"line":26,"column":null}},"16":{"start":{"line":28,"column":12},"end":{"line":33,"column":null}},"17":{"start":{"line":35,"column":12},"end":{"line":35,"column":null}},"18":{"start":{"line":37,"column":12},"end":{"line":37,"column":null}},"19":{"start":{"line":43,"column":28},"end":{"line":60,"column":5}},"20":{"start":{"line":44,"column":26},"end":{"line":44,"column":34}},"21":{"start":{"line":46,"column":21},"end":{"line":46,"column":61}},"22":{"start":{"line":48,"column":8},"end":{"line":51,"column":9}},"23":{"start":{"line":49,"column":26},"end":{"line":49,"column":54}},"24":{"start":{"line":50,"column":12},"end":{"line":50,"column":null}},"25":{"start":{"line":53,"column":8},"end":{"line":53,"column":null}},"26":{"start":{"line":54,"column":8},"end":{"line":54,"column":null}},"27":{"start":{"line":55,"column":8},"end":{"line":55,"column":null}},"28":{"start":{"line":57,"column":8},"end":{"line":57,"column":null}},"29":{"start":{"line":62,"column":19},"end":{"line":88,"column":5}},"30":{"start":{"line":64,"column":36},"end":{"line":64,"column":44}},"31":{"start":{"line":66,"column":21},"end":{"line":66,"column":61}},"32":{"start":{"line":68,"column":8},"end":{"line":71,"column":9}},"33":{"start":{"line":69,"column":26},"end":{"line":69,"column":60}},"34":{"start":{"line":70,"column":12},"end":{"line":70,"column":null}},"35":{"start":{"line":73,"column":8},"end":{"line":76,"column":9}},"36":{"start":{"line":74,"column":26},"end":{"line":74,"column":67}},"37":{"start":{"line":75,"column":12},"end":{"line":75,"column":null}},"38":{"start":{"line":78,"column":34},"end":{"line":78,"column":80}},"39":{"start":{"line":80,"column":8},"end":{"line":83,"column":9}},"40":{"start":{"line":81,"column":26},"end":{"line":81,"column":76}},"41":{"start":{"line":82,"column":12},"end":{"line":82,"column":null}},"42":{"start":{"line":85,"column":22},"end":{"line":85,"column":42}},"43":{"start":{"line":86,"column":8},"end":{"line":86,"column":null}},"44":{"start":{"line":90,"column":28},"end":{"line":114,"column":5}},"45":{"start":{"line":92,"column":26},"end":{"line":92,"column":34}},"46":{"start":{"line":94,"column":21},"end":{"line":94,"column":61}},"47":{"start":{"line":96,"column":8},"end":{"line":99,"column":9}},"48":{"start":{"line":97,"column":26},"end":{"line":97,"column":61}},"49":{"start":{"line":98,"column":12},"end":{"line":98,"column":null}},"50":{"start":{"line":101,"column":8},"end":{"line":101,"column":null}},"51":{"start":{"line":102,"column":8},"end":{"line":102,"column":null}},"52":{"start":{"line":104,"column":8},"end":{"line":108,"column":null}},"53":{"start":{"line":111,"column":8},"end":{"line":111,"column":null}},"54":{"start":{"line":118,"column":27},"end":{"line":130,"column":5}},"55":{"start":{"line":119,"column":26},"end":{"line":119,"column":34}},"56":{"start":{"line":121,"column":27},"end":{"line":121,"column":67}},"57":{"start":{"line":123,"column":8},"end":{"line":127,"column":9}},"58":{"start":{"line":124,"column":26},"end":{"line":124,"column":54}},"59":{"start":{"line":125,"column":12},"end":{"line":125,"column":null}},"60":{"start":{"line":129,"column":8},"end":{"line":129,"column":null}},"61":{"start":{"line":133,"column":36},"end":{"line":152,"column":5}},"62":{"start":{"line":135,"column":26},"end":{"line":135,"column":36}},"63":{"start":{"line":136,"column":29},"end":{"line":136,"column":37}},"64":{"start":{"line":138,"column":21},"end":{"line":138,"column":61}},"65":{"start":{"line":140,"column":8},"end":{"line":144,"column":9}},"66":{"start":{"line":141,"column":26},"end":{"line":141,"column":54}},"67":{"start":{"line":142,"column":12},"end":{"line":142,"column":null}},"68":{"start":{"line":146,"column":8},"end":{"line":146,"column":null}},"69":{"start":{"line":147,"column":8},"end":{"line":147,"column":null}},"70":{"start":{"line":148,"column":8},"end":{"line":148,"column":null}},"71":{"start":{"line":151,"column":8},"end":{"line":151,"column":null}},"72":{"start":{"line":154,"column":18},"end":{"line":157,"column":5}},"73":{"start":{"line":155,"column":7},"end":{"line":155,"column":null}},"74":{"start":{"line":160,"column":39},"end":{"line":177,"column":5}},"75":{"start":{"line":162,"column":45},"end":{"line":162,"column":53}},"76":{"start":{"line":163,"column":21},"end":{"line":163,"column":29}},"77":{"start":{"line":165,"column":21},"end":{"line":165,"column":44}},"78":{"start":{"line":167,"column":34},"end":{"line":167,"column":88}},"79":{"start":{"line":168,"column":8},"end":{"line":171,"column":9}},"80":{"start":{"line":169,"column":26},"end":{"line":169,"column":71}},"81":{"start":{"line":170,"column":12},"end":{"line":170,"column":null}},"82":{"start":{"line":173,"column":8},"end":{"line":173,"column":null}},"83":{"start":{"line":174,"column":8},"end":{"line":174,"column":null}},"84":{"start":{"line":176,"column":8},"end":{"line":176,"column":null}},"85":{"start":{"line":180,"column":27},"end":{"line":194,"column":5}},"86":{"start":{"line":182,"column":27},"end":{"line":182,"column":35}},"87":{"start":{"line":183,"column":21},"end":{"line":183,"column":29}},"88":{"start":{"line":185,"column":21},"end":{"line":185,"column":44}},"89":{"start":{"line":187,"column":34},"end":{"line":187,"column":80}},"90":{"start":{"line":188,"column":8},"end":{"line":191,"column":9}},"91":{"start":{"line":189,"column":26},"end":{"line":189,"column":71}},"92":{"start":{"line":190,"column":12},"end":{"line":190,"column":null}},"93":{"start":{"line":193,"column":8},"end":{"line":193,"column":null}},"94":{"start":{"line":11,"column":0},"end":{"line":11,"column":13}}},"fnMap":{"0":{"name":"(anonymous_1)","decl":{"start":{"line":13,"column":27},"end":{"line":13,"column":32}},"loc":{"start":{"line":13,"column":65},"end":{"line":41,"column":5}}},"1":{"name":"(anonymous_2)","decl":{"start":{"line":43,"column":28},"end":{"line":43,"column":33}},"loc":{"start":{"line":43,"column":66},"end":{"line":60,"column":5}}},"2":{"name":"(anonymous_3)","decl":{"start":{"line":62,"column":19},"end":{"line":62,"column":24}},"loc":{"start":{"line":62,"column":57},"end":{"line":88,"column":5}}},"3":{"name":"(anonymous_4)","decl":{"start":{"line":90,"column":28},"end":{"line":90,"column":33}},"loc":{"start":{"line":90,"column":66},"end":{"line":114,"column":5}}},"4":{"name":"(anonymous_5)","decl":{"start":{"line":118,"column":27},"end":{"line":118,"column":32}},"loc":{"start":{"line":118,"column":65},"end":{"line":130,"column":5}}},"5":{"name":"(anonymous_6)","decl":{"start":{"line":133,"column":36},"end":{"line":133,"column":41}},"loc":{"start":{"line":133,"column":74},"end":{"line":152,"column":5}}},"6":{"name":"(anonymous_7)","decl":{"start":{"line":154,"column":18},"end":{"line":154,"column":23}},"loc":{"start":{"line":154,"column":56},"end":{"line":157,"column":5}}},"7":{"name":"(anonymous_8)","decl":{"start":{"line":160,"column":39},"end":{"line":160,"column":44}},"loc":{"start":{"line":160,"column":77},"end":{"line":177,"column":5}}},"8":{"name":"(anonymous_9)","decl":{"start":{"line":180,"column":27},"end":{"line":180,"column":32}},"loc":{"start":{"line":180,"column":65},"end":{"line":194,"column":5}}}},"branchMap":{"0":{"loc":{"start":{"line":17,"column":8},"end":{"line":20,"column":9}},"type":"if","locations":[{"start":{"line":17,"column":8},"end":{"line":20,"column":9}},{"start":{},"end":{}}]},"1":{"loc":{"start":{"line":48,"column":8},"end":{"line":51,"column":9}},"type":"if","locations":[{"start":{"line":48,"column":8},"end":{"line":51,"column":9}},{"start":{},"end":{}}]},"2":{"loc":{"start":{"line":68,"column":8},"end":{"line":71,"column":9}},"type":"if","locations":[{"start":{"line":68,"column":8},"end":{"line":71,"column":9}},{"start":{},"end":{}}]},"3":{"loc":{"start":{"line":73,"column":8},"end":{"line":76,"column":9}},"type":"if","locations":[{"start":{"line":73,"column":8},"end":{"line":76,"column":9}},{"start":{},"end":{}}]},"4":{"loc":{"start":{"line":80,"column":8},"end":{"line":83,"column":9}},"type":"if","locations":[{"start":{"line":80,"column":8},"end":{"line":83,"column":9}},{"start":{},"end":{}}]},"5":{"loc":{"start":{"line":96,"column":8},"end":{"line":99,"column":9}},"type":"if","locations":[{"start":{"line":96,"column":8},"end":{"line":99,"column":9}},{"start":{},"end":{}}]},"6":{"loc":{"start":{"line":123,"column":8},"end":{"line":127,"column":9}},"type":"if","locations":[{"start":{"line":123,"column":8},"end":{"line":127,"column":9}},{"start":{},"end":{}}]},"7":{"loc":{"start":{"line":140,"column":8},"end":{"line":144,"column":9}},"type":"if","locations":[{"start":{"line":140,"column":8},"end":{"line":144,"column":9}},{"start":{},"end":{}}]},"8":{"loc":{"start":{"line":168,"column":8},"end":{"line":171,"column":9}},"type":"if","locations":[{"start":{"line":168,"column":8},"end":{"line":171,"column":9}},{"start":{},"end":{}}]},"9":{"loc":{"start":{"line":188,"column":8},"end":{"line":191,"column":9}},"type":"if","locations":[{"start":{"line":188,"column":8},"end":{"line":191,"column":9}},{"start":{},"end":{}}]}},"s":{"0":1,"1":1,"2":1,"3":1,"4":1,"5":1,"6":2,"7":2,"8":2,"9":1,"10":1,"11":1,"12":1,"13":1,"14":1,"15":1,"16":1,"17":1,"18":0,"19":1,"20":0,"21":0,"22":0,"23":0,"24":0,"25":0,"26":0,"27":0,"28":0,"29":1,"30":3,"31":3,"32":3,"33":1,"34":1,"35":2,"36":0,"37":0,"38":2,"39":2,"40":1,"41":1,"42":1,"43":1,"44":1,"45":0,"46":0,"47":0,"48":0,"49":0,"50":0,"51":0,"52":0,"53":0,"54":1,"55":0,"56":0,"57":0,"58":0,"59":0,"60":0,"61":1,"62":0,"63":0,"64":0,"65":0,"66":0,"67":0,"68":0,"69":0,"70":0,"71":0,"72":1,"73":0,"74":1,"75":0,"76":0,"77":0,"78":0,"79":0,"80":0,"81":0,"82":0,"83":0,"84":0,"85":1,"86":0,"87":0,"88":0,"89":0,"90":0,"91":0,"92":0,"93":0,"94":1},"f":{"0":2,"1":0,"2":3,"3":0,"4":0,"5":0,"6":0,"7":0,"8":0},"b":{"0":[1,1],"1":[0,0],"2":[1,2],"3":[0,2],"4":[1,1],"5":[0,0],"6":[0,0],"7":[0,0],"8":[0,0],"9":[0,0]}}
,"D:\\Luis_D\\CURSO_UDEMY\\CASHTRACKR\\backend\\src\\controllers\\BudgetController.ts": {"path":"D:\\Luis_D\\CURSO_UDEMY\\CASHTRACKR\\backend\\src\\controllers\\BudgetController.ts","statementMap":{"0":{"start":{"line":2,"column":0},"end":{"line":2,"column":38}},"1":{"start":{"line":3,"column":0},"end":{"line":3,"column":40}},"2":{"start":{"line":9,"column":20},"end":{"line":29,"column":5}},"3":{"start":{"line":10,"column":8},"end":{"line":27,"column":9}},"4":{"start":{"line":12,"column":27},"end":{"line":20,"column":14}},"5":{"start":{"line":22,"column":12},"end":{"line":22,"column":null}},"6":{"start":{"line":25,"column":12},"end":{"line":25,"column":null}},"7":{"start":{"line":31,"column":20},"end":{"line":42,"column":5}},"8":{"start":{"line":32,"column":8},"end":{"line":40,"column":9}},"9":{"start":{"line":33,"column":27},"end":{"line":33,"column":56}},"10":{"start":{"line":34,"column":12},"end":{"line":34,"column":40}},"11":{"start":{"line":35,"column":12},"end":{"line":35,"column":null}},"12":{"start":{"line":36,"column":12},"end":{"line":36,"column":null}},"13":{"start":{"line":39,"column":12},"end":{"line":39,"column":null}},"14":{"start":{"line":44,"column":21},"end":{"line":50,"column":5}},"15":{"start":{"line":45,"column":23},"end":{"line":47,"column":10}},"16":{"start":{"line":49,"column":8},"end":{"line":49,"column":null}},"17":{"start":{"line":52,"column":24},"end":{"line":56,"column":5}},"18":{"start":{"line":53,"column":8},"end":{"line":53,"column":null}},"19":{"start":{"line":54,"column":8},"end":{"line":54,"column":null}},"20":{"start":{"line":58,"column":24},"end":{"line":62,"column":5}},"21":{"start":{"line":59,"column":8},"end":{"line":59,"column":null}},"22":{"start":{"line":60,"column":8},"end":{"line":60,"column":null}},"23":{"start":{"line":7,"column":0},"end":{"line":7,"column":13}}},"fnMap":{"0":{"name":"(anonymous_1)","decl":{"start":{"line":9,"column":20},"end":{"line":9,"column":25}},"loc":{"start":{"line":9,"column":58},"end":{"line":29,"column":5}}},"1":{"name":"(anonymous_2)","decl":{"start":{"line":31,"column":20},"end":{"line":31,"column":25}},"loc":{"start":{"line":31,"column":58},"end":{"line":42,"column":5}}},"2":{"name":"(anonymous_3)","decl":{"start":{"line":44,"column":21},"end":{"line":44,"column":26}},"loc":{"start":{"line":44,"column":59},"end":{"line":50,"column":5}}},"3":{"name":"(anonymous_4)","decl":{"start":{"line":52,"column":24},"end":{"line":52,"column":29}},"loc":{"start":{"line":52,"column":62},"end":{"line":56,"column":5}}},"4":{"name":"(anonymous_5)","decl":{"start":{"line":58,"column":24},"end":{"line":58,"column":29}},"loc":{"start":{"line":58,"column":62},"end":{"line":62,"column":5}}}},"branchMap":{},"s":{"0":1,"1":1,"2":1,"3":4,"4":4,"5":3,"6":1,"7":1,"8":2,"9":2,"10":1,"11":1,"12":1,"13":1,"14":1,"15":1,"16":1,"17":1,"18":1,"19":1,"20":1,"21":1,"22":1,"23":1},"f":{"0":4,"1":2,"2":1,"3":1,"4":1},"b":{}}
,"D:\\Luis_D\\CURSO_UDEMY\\CASHTRACKR\\backend\\src\\controllers\\ExpenseController.ts": {"path":"D:\\Luis_D\\CURSO_UDEMY\\CASHTRACKR\\backend\\src\\controllers\\ExpenseController.ts","statementMap":{"0":{"start":{"line":2,"column":0},"end":{"line":2,"column":39}},"1":{"start":{"line":6,"column":20},"end":{"line":18,"column":5}},"2":{"start":{"line":7,"column":8},"end":{"line":17,"column":9}},"3":{"start":{"line":9,"column":28},"end":{"line":9,"column":58}},"4":{"start":{"line":10,"column":12},"end":{"line":10,"column":null}},"5":{"start":{"line":11,"column":12},"end":{"line":11,"column":null}},"6":{"start":{"line":12,"column":12},"end":{"line":12,"column":null}},"7":{"start":{"line":15,"column":12},"end":{"line":15,"column":null}},"8":{"start":{"line":21,"column":21},"end":{"line":23,"column":5}},"9":{"start":{"line":22,"column":8},"end":{"line":22,"column":null}},"10":{"start":{"line":25,"column":24},"end":{"line":29,"column":5}},"11":{"start":{"line":26,"column":8},"end":{"line":26,"column":null}},"12":{"start":{"line":27,"column":8},"end":{"line":27,"column":null}},"13":{"start":{"line":31,"column":24},"end":{"line":34,"column":5}},"14":{"start":{"line":32,"column":8},"end":{"line":32,"column":null}},"15":{"start":{"line":33,"column":8},"end":{"line":33,"column":null}},"16":{"start":{"line":4,"column":0},"end":{"line":4,"column":13}}},"fnMap":{"0":{"name":"(anonymous_1)","decl":{"start":{"line":6,"column":20},"end":{"line":6,"column":25}},"loc":{"start":{"line":6,"column":58},"end":{"line":18,"column":5}}},"1":{"name":"(anonymous_2)","decl":{"start":{"line":21,"column":21},"end":{"line":21,"column":26}},"loc":{"start":{"line":21,"column":59},"end":{"line":23,"column":5}}},"2":{"name":"(anonymous_3)","decl":{"start":{"line":25,"column":24},"end":{"line":25,"column":29}},"loc":{"start":{"line":25,"column":62},"end":{"line":29,"column":5}}},"3":{"name":"(anonymous_4)","decl":{"start":{"line":31,"column":24},"end":{"line":31,"column":29}},"loc":{"start":{"line":31,"column":62},"end":{"line":34,"column":5}}}},"branchMap":{},"s":{"0":1,"1":1,"2":2,"3":2,"4":1,"5":1,"6":1,"7":1,"8":1,"9":1,"10":1,"11":1,"12":1,"13":1,"14":1,"15":1,"16":1},"f":{"0":2,"1":1,"2":1,"3":1},"b":{}}
,"D:\\Luis_D\\CURSO_UDEMY\\CASHTRACKR\\backend\\src\\email\\AuthEmail.ts": {"path":"D:\\Luis_D\\CURSO_UDEMY\\CASHTRACKR\\backend\\src\\email\\AuthEmail.ts","statementMap":{"0":{"start":{"line":1,"column":0},"end":{"line":1,"column":48}},"1":{"start":{"line":11,"column":35},"end":{"line":27,"column":5}},"2":{"start":{"line":12,"column":22},"end":{"line":22,"column":10}},"3":{"start":{"line":24,"column":8},"end":{"line":24,"column":27}},"4":{"start":{"line":30,"column":46},"end":{"line":46,"column":5}},"5":{"start":{"line":31,"column":22},"end":{"line":41,"column":10}},"6":{"start":{"line":43,"column":8},"end":{"line":43,"column":27}},"7":{"start":{"line":10,"column":0},"end":{"line":10,"column":13}}},"fnMap":{"0":{"name":"(anonymous_0)","decl":{"start":{"line":11,"column":35},"end":{"line":11,"column":40}},"loc":{"start":{"line":11,"column":61},"end":{"line":27,"column":5}}},"1":{"name":"(anonymous_1)","decl":{"start":{"line":30,"column":46},"end":{"line":30,"column":51}},"loc":{"start":{"line":30,"column":72},"end":{"line":46,"column":5}}}},"branchMap":{},"s":{"0":1,"1":1,"2":0,"3":0,"4":1,"5":0,"6":0,"7":1},"f":{"0":0,"1":0},"b":{}}
,"D:\\Luis_D\\CURSO_UDEMY\\CASHTRACKR\\backend\\src\\middleware\\budget.ts": {"path":"D:\\Luis_D\\CURSO_UDEMY\\CASHTRACKR\\backend\\src\\middleware\\budget.ts","statementMap":{"0":{"start":{"line":61,"column":0},"end":{"line":61,"column":16}},"1":{"start":{"line":2,"column":0},"end":{"line":2,"column":64}},"2":{"start":{"line":3,"column":0},"end":{"line":3,"column":37}},"3":{"start":{"line":16,"column":32},"end":{"line":27,"column":1}},"4":{"start":{"line":18,"column":4},"end":{"line":19,"column":null}},"5":{"start":{"line":19,"column":25},"end":{"line":19,"column":34}},"6":{"start":{"line":21,"column":17},"end":{"line":21,"column":38}},"7":{"start":{"line":22,"column":4},"end":{"line":24,"column":5}},"8":{"start":{"line":23,"column":8},"end":{"line":23,"column":null}},"9":{"start":{"line":25,"column":4},"end":{"line":25,"column":null}},"10":{"start":{"line":16,"column":13},"end":{"line":16,"column":32}},"11":{"start":{"line":29,"column":35},"end":{"line":46,"column":1}},"12":{"start":{"line":30,"column":4},"end":{"line":44,"column":9}},"13":{"start":{"line":31,"column":33},"end":{"line":31,"column":43}},"14":{"start":{"line":32,"column":27},"end":{"line":32,"column":58}},"15":{"start":{"line":34,"column":12},"end":{"line":37,"column":13}},"16":{"start":{"line":35,"column":30},"end":{"line":35,"column":68}},"17":{"start":{"line":36,"column":16},"end":{"line":36,"column":null}},"18":{"start":{"line":38,"column":12},"end":{"line":38,"column":null}},"19":{"start":{"line":39,"column":12},"end":{"line":39,"column":null}},"20":{"start":{"line":42,"column":12},"end":{"line":42,"column":null}},"21":{"start":{"line":29,"column":13},"end":{"line":29,"column":35}},"22":{"start":{"line":48,"column":36},"end":{"line":58,"column":1}},"23":{"start":{"line":50,"column":3},"end":{"line":51,"column":null}},"24":{"start":{"line":52,"column":3},"end":{"line":55,"column":null}},"25":{"start":{"line":55,"column":29},"end":{"line":55,"column":38}},"26":{"start":{"line":56,"column":4},"end":{"line":56,"column":null}},"27":{"start":{"line":48,"column":13},"end":{"line":48,"column":36}},"28":{"start":{"line":62,"column":4},"end":{"line":66,"column":5}},"29":{"start":{"line":63,"column":22},"end":{"line":63,"column":51}},"30":{"start":{"line":65,"column":8},"end":{"line":65,"column":null}},"31":{"start":{"line":67,"column":4},"end":{"line":67,"column":null}}},"fnMap":{"0":{"name":"(anonymous_1)","decl":{"start":{"line":16,"column":32},"end":{"line":16,"column":37}},"loc":{"start":{"line":16,"column":90},"end":{"line":27,"column":1}}},"1":{"name":"(anonymous_2)","decl":{"start":{"line":19,"column":16},"end":{"line":19,"column":21}},"loc":{"start":{"line":19,"column":25},"end":{"line":19,"column":34}}},"2":{"name":"(anonymous_3)","decl":{"start":{"line":29,"column":35},"end":{"line":29,"column":40}},"loc":{"start":{"line":29,"column":93},"end":{"line":46,"column":1}}},"3":{"name":"(anonymous_4)","decl":{"start":{"line":48,"column":36},"end":{"line":48,"column":41}},"loc":{"start":{"line":48,"column":94},"end":{"line":58,"column":1}}},"4":{"name":"(anonymous_5)","decl":{"start":{"line":55,"column":20},"end":{"line":55,"column":25}},"loc":{"start":{"line":55,"column":29},"end":{"line":55,"column":38}}},"5":{"name":"hasAccess","decl":{"start":{"line":61,"column":16},"end":{"line":61,"column":25}},"loc":{"start":{"line":61,"column":72},"end":{"line":68,"column":1}}}},"branchMap":{"0":{"loc":{"start":{"line":22,"column":4},"end":{"line":24,"column":5}},"type":"if","locations":[{"start":{"line":22,"column":4},"end":{"line":24,"column":5}},{"start":{},"end":{}}]},"1":{"loc":{"start":{"line":34,"column":12},"end":{"line":37,"column":13}},"type":"if","locations":[{"start":{"line":34,"column":12},"end":{"line":37,"column":13}},{"start":{},"end":{}}]},"2":{"loc":{"start":{"line":62,"column":4},"end":{"line":66,"column":5}},"type":"if","locations":[{"start":{"line":62,"column":4},"end":{"line":66,"column":5}},{"start":{},"end":{}}]}},"s":{"0":2,"1":2,"2":2,"3":2,"4":0,"5":0,"6":0,"7":0,"8":0,"9":0,"10":2,"11":2,"12":3,"13":3,"14":3,"15":2,"16":1,"17":1,"18":1,"19":1,"20":1,"21":2,"22":2,"23":0,"24":0,"25":0,"26":0,"27":2,"28":3,"29":2,"30":2,"31":3},"f":{"0":0,"1":0,"2":3,"3":0,"4":0,"5":3},"b":{"0":[0,0],"1":[1,1],"2":[2,1]}}
,"D:\\Luis_D\\CURSO_UDEMY\\CASHTRACKR\\backend\\src\\middleware\\expense.ts": {"path":"D:\\Luis_D\\CURSO_UDEMY\\CASHTRACKR\\backend\\src\\middleware\\expense.ts","statementMap":{"0":{"start":{"line":2,"column":0},"end":{"line":2,"column":82}},"1":{"start":{"line":3,"column":0},"end":{"line":3,"column":39}},"2":{"start":{"line":14,"column":37},"end":{"line":24,"column":1}},"3":{"start":{"line":16,"column":3},"end":{"line":17,"column":null}},"4":{"start":{"line":18,"column":3},"end":{"line":21,"column":null}},"5":{"start":{"line":21,"column":29},"end":{"line":21,"column":38}},"6":{"start":{"line":22,"column":4},"end":{"line":22,"column":null}},"7":{"start":{"line":14,"column":13},"end":{"line":14,"column":37}},"8":{"start":{"line":26,"column":36},"end":{"line":43,"column":1}},"9":{"start":{"line":27,"column":4},"end":{"line":41,"column":9}},"10":{"start":{"line":28,"column":34},"end":{"line":28,"column":44}},"11":{"start":{"line":29,"column":28},"end":{"line":29,"column":61}},"12":{"start":{"line":31,"column":12},"end":{"line":34,"column":13}},"13":{"start":{"line":32,"column":30},"end":{"line":32,"column":62}},"14":{"start":{"line":33,"column":16},"end":{"line":33,"column":null}},"15":{"start":{"line":35,"column":12},"end":{"line":35,"column":null}},"16":{"start":{"line":36,"column":12},"end":{"line":36,"column":null}},"17":{"start":{"line":39,"column":12},"end":{"line":39,"column":null}},"18":{"start":{"line":26,"column":13},"end":{"line":26,"column":36}}},"fnMap":{"0":{"name":"(anonymous_1)","decl":{"start":{"line":14,"column":37},"end":{"line":14,"column":42}},"loc":{"start":{"line":14,"column":95},"end":{"line":24,"column":1}}},"1":{"name":"(anonymous_2)","decl":{"start":{"line":21,"column":20},"end":{"line":21,"column":25}},"loc":{"start":{"line":21,"column":29},"end":{"line":21,"column":38}}},"2":{"name":"(anonymous_3)","decl":{"start":{"line":26,"column":36},"end":{"line":26,"column":41}},"loc":{"start":{"line":26,"column":94},"end":{"line":43,"column":1}}}},"branchMap":{"0":{"loc":{"start":{"line":31,"column":12},"end":{"line":34,"column":13}},"type":"if","locations":[{"start":{"line":31,"column":12},"end":{"line":34,"column":13}},{"start":{},"end":{}}]}},"s":{"0":1,"1":1,"2":1,"3":0,"4":0,"5":0,"6":0,"7":1,"8":1,"9":3,"10":3,"11":3,"12":2,"13":1,"14":1,"15":1,"16":1,"17":1,"18":1},"f":{"0":0,"1":0,"2":3},"b":{"0":[1,1]}}
,"D:\\Luis_D\\CURSO_UDEMY\\CASHTRACKR\\backend\\src\\models\\Budget.ts": {"path":"D:\\Luis_D\\CURSO_UDEMY\\CASHTRACKR\\backend\\src\\models\\Budget.ts","statementMap":{"0":{"start":{"line":1,"column":0},"end":{"line":1,"column":111}},"1":{"start":{"line":2,"column":0},"end":{"line":2,"column":31}},"2":{"start":{"line":3,"column":0},"end":{"line":3,"column":25}},"3":{"start":{"line":12,"column":0},"end":{"line":39,"column":null}},"4":{"start":{"line":18,"column":12},"end":{"line":18,"column":null}},"5":{"start":{"line":24,"column":12},"end":{"line":24,"column":null}},"6":{"start":{"line":30,"column":12},"end":{"line":30,"column":null}},"7":{"start":{"line":26,"column":19},"end":{"line":26,"column":26}},"8":{"start":{"line":34,"column":12},"end":{"line":34,"column":null}},"9":{"start":{"line":33,"column":22},"end":{"line":33,"column":26}},"10":{"start":{"line":37,"column":12},"end":{"line":37,"column":null}},"11":{"start":{"line":36,"column":21},"end":{"line":36,"column":25}},"12":{"start":{"line":12,"column":6},"end":{"line":39,"column":null}},"13":{"start":{"line":41,"column":0},"end":{"line":41,"column":null}}},"fnMap":{"0":{"name":"(anonymous_3)","decl":{"start":{"line":26,"column":13},"end":{"line":26,"column":16}},"loc":{"start":{"line":26,"column":19},"end":{"line":26,"column":26}}},"1":{"name":"(anonymous_4)","decl":{"start":{"line":33,"column":16},"end":{"line":33,"column":19}},"loc":{"start":{"line":33,"column":22},"end":{"line":33,"column":26}}},"2":{"name":"(anonymous_5)","decl":{"start":{"line":36,"column":15},"end":{"line":36,"column":18}},"loc":{"start":{"line":36,"column":21},"end":{"line":36,"column":25}}}},"branchMap":{},"s":{"0":2,"1":2,"2":2,"3":2,"4":2,"5":2,"6":2,"7":0,"8":2,"9":0,"10":2,"11":0,"12":2,"13":2},"f":{"0":0,"1":0,"2":0},"b":{}}
,"D:\\Luis_D\\CURSO_UDEMY\\CASHTRACKR\\backend\\src\\models\\Expense.ts": {"path":"D:\\Luis_D\\CURSO_UDEMY\\CASHTRACKR\\backend\\src\\models\\Expense.ts","statementMap":{"0":{"start":{"line":1,"column":0},"end":{"line":1,"column":110}},"1":{"start":{"line":2,"column":0},"end":{"line":2,"column":29}},"2":{"start":{"line":8,"column":0},"end":{"line":30,"column":null}},"3":{"start":{"line":14,"column":12},"end":{"line":14,"column":null}},"4":{"start":{"line":20,"column":12},"end":{"line":20,"column":null}},"5":{"start":{"line":24,"column":12},"end":{"line":24,"column":null}},"6":{"start":{"line":23,"column":22},"end":{"line":23,"column":28}},"7":{"start":{"line":28,"column":12},"end":{"line":28,"column":null}},"8":{"start":{"line":27,"column":21},"end":{"line":27,"column":27}},"9":{"start":{"line":8,"column":6},"end":{"line":30,"column":null}},"10":{"start":{"line":32,"column":0},"end":{"line":32,"column":null}}},"fnMap":{"0":{"name":"(anonymous_3)","decl":{"start":{"line":23,"column":16},"end":{"line":23,"column":19}},"loc":{"start":{"line":23,"column":22},"end":{"line":23,"column":28}}},"1":{"name":"(anonymous_4)","decl":{"start":{"line":27,"column":15},"end":{"line":27,"column":18}},"loc":{"start":{"line":27,"column":21},"end":{"line":27,"column":27}}}},"branchMap":{},"s":{"0":2,"1":2,"2":2,"3":2,"4":2,"5":2,"6":0,"7":2,"8":0,"9":2,"10":2},"f":{"0":0,"1":0},"b":{}}
,"D:\\Luis_D\\CURSO_UDEMY\\CASHTRACKR\\backend\\src\\models\\User.ts": {"path":"D:\\Luis_D\\CURSO_UDEMY\\CASHTRACKR\\backend\\src\\models\\User.ts","statementMap":{"0":{"start":{"line":1,"column":0},"end":{"line":1,"column":null}},"1":{"start":{"line":3,"column":0},"end":{"line":3,"column":29}},"2":{"start":{"line":9,"column":0},"end":{"line":47,"column":null}},"3":{"start":{"line":15,"column":12},"end":{"line":15,"column":null}},"4":{"start":{"line":21,"column":12},"end":{"line":21,"column":null}},"5":{"start":{"line":28,"column":12},"end":{"line":28,"column":null}},"6":{"start":{"line":34,"column":12},"end":{"line":34,"column":null}},"7":{"start":{"line":40,"column":12},"end":{"line":40,"column":null}},"8":{"start":{"line":46,"column":12},"end":{"line":46,"column":null}},"9":{"start":{"line":42,"column":19},"end":{"line":42,"column":25}},"10":{"start":{"line":9,"column":6},"end":{"line":47,"column":null}},"11":{"start":{"line":50,"column":0},"end":{"line":50,"column":null}}},"fnMap":{"0":{"name":"(anonymous_3)","decl":{"start":{"line":42,"column":13},"end":{"line":42,"column":16}},"loc":{"start":{"line":42,"column":19},"end":{"line":42,"column":25}}}},"branchMap":{},"s":{"0":2,"1":2,"2":2,"3":2,"4":2,"5":2,"6":2,"7":2,"8":2,"9":0,"10":2,"11":2},"f":{"0":0},"b":{}}
,"D:\\Luis_D\\CURSO_UDEMY\\CASHTRACKR\\backend\\src\\test\\mocks\\budgets.ts": {"path":"D:\\Luis_D\\CURSO_UDEMY\\CASHTRACKR\\backend\\src\\test\\mocks\\budgets.ts","statementMap":{"0":{"start":{"line":1,"column":13},"end":{"line":71,"column":2}}},"fnMap":{},"branchMap":{},"s":{"0":3},"f":{},"b":{}}
,"D:\\Luis_D\\CURSO_UDEMY\\CASHTRACKR\\backend\\src\\test\\mocks\\expenses.ts": {"path":"D:\\Luis_D\\CURSO_UDEMY\\CASHTRACKR\\backend\\src\\test\\mocks\\expenses.ts","statementMap":{"0":{"start":{"line":1,"column":13},"end":{"line":26,"column":null}}},"fnMap":{},"branchMap":{},"s":{"0":2},"f":{},"b":{}}
,"D:\\Luis_D\\CURSO_UDEMY\\CASHTRACKR\\backend\\src\\utils\\auth.ts": {"path":"D:\\Luis_D\\CURSO_UDEMY\\CASHTRACKR\\backend\\src\\utils\\auth.ts","statementMap":{"0":{"start":{"line":1,"column":0},"end":{"line":1,"column":27}},"1":{"start":{"line":3,"column":28},"end":{"line":7,"column":1}},"2":{"start":{"line":4,"column":17},"end":{"line":4,"column":41}},"3":{"start":{"line":5,"column":4},"end":{"line":5,"column":null}},"4":{"start":{"line":3,"column":13},"end":{"line":3,"column":28}},"5":{"start":{"line":9,"column":31},"end":{"line":11,"column":1}},"6":{"start":{"line":10,"column":4},"end":{"line":10,"column":null}},"7":{"start":{"line":9,"column":13},"end":{"line":9,"column":31}}},"fnMap":{"0":{"name":"(anonymous_1)","decl":{"start":{"line":3,"column":28},"end":{"line":3,"column":33}},"loc":{"start":{"line":3,"column":55},"end":{"line":7,"column":1}}},"1":{"name":"(anonymous_2)","decl":{"start":{"line":9,"column":31},"end":{"line":9,"column":36}},"loc":{"start":{"line":9,"column":75},"end":{"line":11,"column":1}}}},"branchMap":{},"s":{"0":1,"1":1,"2":0,"3":0,"4":1,"5":1,"6":0,"7":1},"f":{"0":0,"1":0},"b":{}}
,"D:\\Luis_D\\CURSO_UDEMY\\CASHTRACKR\\backend\\src\\utils\\jwt.ts": {"path":"D:\\Luis_D\\CURSO_UDEMY\\CASHTRACKR\\backend\\src\\utils\\jwt.ts","statementMap":{"0":{"start":{"line":1,"column":0},"end":{"line":1,"column":30}},"1":{"start":{"line":3,"column":27},"end":{"line":9,"column":1}},"2":{"start":{"line":4,"column":18},"end":{"line":6,"column":6}},"3":{"start":{"line":8,"column":4},"end":{"line":8,"column":null}},"4":{"start":{"line":3,"column":13},"end":{"line":3,"column":27}}},"fnMap":{"0":{"name":"(anonymous_1)","decl":{"start":{"line":3,"column":27},"end":{"line":3,"column":28}},"loc":{"start":{"line":3,"column":51},"end":{"line":9,"column":1}}}},"branchMap":{},"s":{"0":1,"1":1,"2":0,"3":0,"4":1},"f":{"0":0},"b":{}}
,"D:\\Luis_D\\CURSO_UDEMY\\CASHTRACKR\\backend\\src\\utils\\token.ts": {"path":"D:\\Luis_D\\CURSO_UDEMY\\CASHTRACKR\\backend\\src\\utils\\token.ts","statementMap":{"0":{"start":{"line":1,"column":29},"end":{"line":1,"column":89}},"1":{"start":{"line":1,"column":35},"end":{"line":1,"column":89}},"2":{"start":{"line":1,"column":13},"end":{"line":1,"column":29}}},"fnMap":{"0":{"name":"(anonymous_0)","decl":{"start":{"line":1,"column":29},"end":{"line":1,"column":32}},"loc":{"start":{"line":1,"column":35},"end":{"line":1,"column":89}}}},"branchMap":{},"s":{"0":1,"1":0,"2":1},"f":{"0":0},"b":{}}
}
