{"L:\\Luis_D\\PROYECTOS_UDEMY\\CASHTRACKR\\backend\\src\\server.ts": {"path":"L:\\Luis_D\\PROYECTOS_UDEMY\\CASHTRACKR\\backend\\src\\server.ts","statementMap":{"0":{"start":{"line":1,"column":0},"end":{"line":1,"column":29}},"1":{"start":{"line":3,"column":0},"end":{"line":3,"column":27}},"2":{"start":{"line":4,"column":0},"end":{"line":4,"column":32}},"3":{"start":{"line":5,"column":0},"end":{"line":5,"column":41}},"4":{"start":{"line":6,"column":0},"end":{"line":6,"column":42}},"5":{"start":{"line":9,"column":4},"end":{"line":17,"column":5}},"6":{"start":{"line":10,"column":8},"end":{"line":10,"column":32}},"7":{"start":{"line":11,"column":8},"end":{"line":11,"column":19}},"8":{"start":{"line":20,"column":0},"end":{"line":22,"column":1}},"9":{"start":{"line":21,"column":4},"end":{"line":21,"column":null}},"10":{"start":{"line":28,"column":12},"end":{"line":28,"column":21}},"11":{"start":{"line":30,"column":0},"end":{"line":30,"column":null}},"12":{"start":{"line":32,"column":0},"end":{"line":32,"column":null}},"13":{"start":{"line":34,"column":0},"end":{"line":34,"column":null}},"14":{"start":{"line":35,"column":0},"end":{"line":35,"column":null}},"15":{"start":{"line":37,"column":0},"end":{"line":39,"column":null}},"16":{"start":{"line":38,"column":4},"end":{"line":38,"column":null}},"17":{"start":{"line":43,"column":0},"end":{"line":43,"column":null}}},"fnMap":{"0":{"name":"connectDB","decl":{"start":{"line":8,"column":15},"end":{"line":8,"column":24}},"loc":{"start":{"line":8,"column":24},"end":{"line":18,"column":1}}},"1":{"name":"(anonymous_2)","decl":{"start":{"line":37,"column":14},"end":{"line":37,"column":15}},"loc":{"start":{"line":37,"column":27},"end":{"line":39,"column":1}}}},"branchMap":{"0":{"loc":{"start":{"line":20,"column":0},"end":{"line":22,"column":1}},"type":"if","locations":[{"start":{"line":20,"column":0},"end":{"line":22,"column":1}}]}},"s":{"0":1,"1":1,"2":1,"3":1,"4":1,"5":0,"6":0,"7":0,"8":1,"9":0,"10":1,"11":1,"12":1,"13":1,"14":1,"15":1,"16":0,"17":1},"f":{"0":0,"1":0},"b":{"0":[0]}}
,"L:\\Luis_D\\PROYECTOS_UDEMY\\CASHTRACKR\\backend\\src\\config\\db.ts": {"path":"L:\\Luis_D\\PROYECTOS_UDEMY\\CASHTRACKR\\backend\\src\\config\\db.ts","statementMap":{"0":{"start":{"line":1,"column":0},"end":{"line":1,"column":49}},"1":{"start":{"line":2,"column":0},"end":{"line":2,"column":27}},"2":{"start":{"line":4,"column":0},"end":{"line":4,"column":16}},"3":{"start":{"line":8,"column":13},"end":{"line":15,"column":null}}},"fnMap":{},"branchMap":{},"s":{"0":1,"1":1,"2":1,"3":1},"f":{},"b":{}}
,"L:\\Luis_D\\PROYECTOS_UDEMY\\CASHTRACKR\\backend\\src\\config\\limiter.ts": {"path":"L:\\Luis_D\\PROYECTOS_UDEMY\\CASHTRACKR\\backend\\src\\config\\limiter.ts","statementMap":{"0":{"start":{"line":1,"column":0},"end":{"line":1,"column":46}},"1":{"start":{"line":3,"column":13},"end":{"line":7,"column":null}}},"fnMap":{},"branchMap":{"0":{"loc":{"start":{"line":5,"column":11},"end":{"line":5,"column":57}},"type":"cond-expr","locations":[{"start":{"line":5,"column":50},"end":{"line":5,"column":51}},{"start":{"line":5,"column":54},"end":{"line":5,"column":57}}]}},"s":{"0":1,"1":1},"f":{},"b":{"0":[0,1]}}
,"L:\\Luis_D\\PROYECTOS_UDEMY\\CASHTRACKR\\backend\\src\\config\\nodemailer.ts": {"path":"L:\\Luis_D\\PROYECTOS_UDEMY\\CASHTRACKR\\backend\\src\\config\\nodemailer.ts","statementMap":{"0":{"start":{"line":1,"column":0},"end":{"line":1,"column":35}},"1":{"start":{"line":2,"column":0},"end":{"line":2,"column":27}},"2":{"start":{"line":3,"column":0},"end":{"line":3,"column":null}},"3":{"start":{"line":15,"column":15},"end":{"line":25,"column":1}},"4":{"start":{"line":16,"column":4},"end":{"line":23,"column":null}},"5":{"start":{"line":27,"column":13},"end":{"line":27,"column":null}}},"fnMap":{"0":{"name":"(anonymous_1)","decl":{"start":{"line":15,"column":15},"end":{"line":15,"column":36}},"loc":{"start":{"line":15,"column":38},"end":{"line":25,"column":1}}}},"branchMap":{},"s":{"0":1,"1":1,"2":1,"3":1,"4":1,"5":1},"f":{"0":1},"b":{}}
,"L:\\Luis_D\\PROYECTOS_UDEMY\\CASHTRACKR\\backend\\src\\controllers\\AuthController.ts": {"path":"L:\\Luis_D\\PROYECTOS_UDEMY\\CASHTRACKR\\backend\\src\\controllers\\AuthController.ts","statementMap":{"0":{"start":{"line":2,"column":0},"end":{"line":2,"column":33}},"1":{"start":{"line":3,"column":0},"end":{"line":3,"column":62}},"2":{"start":{"line":4,"column":0},"end":{"line":4,"column":46}},"3":{"start":{"line":5,"column":0},"end":{"line":5,"column":47}},"4":{"start":{"line":6,"column":0},"end":{"line":6,"column":43}},"5":{"start":{"line":13,"column":27},"end":{"line":46,"column":5}},"6":{"start":{"line":14,"column":36},"end":{"line":14,"column":44}},"7":{"start":{"line":15,"column":27},"end":{"line":15,"column":67}},"8":{"start":{"line":17,"column":8},"end":{"line":20,"column":9}},"9":{"start":{"line":18,"column":26},"end":{"line":18,"column":68}},"10":{"start":{"line":19,"column":12},"end":{"line":19,"column":null}},"11":{"start":{"line":22,"column":8},"end":{"line":43,"column":9}},"12":{"start":{"line":23,"column":25},"end":{"line":23,"column":52}},"13":{"start":{"line":24,"column":12},"end":{"line":24,"column":null}},"14":{"start":{"line":25,"column":26},"end":{"line":25,"column":41}},"15":{"start":{"line":26,"column":12},"end":{"line":26,"column":null}},"16":{"start":{"line":28,"column":12},"end":{"line":30,"column":13}},"17":{"start":{"line":29,"column":16},"end":{"line":29,"column":null}},"18":{"start":{"line":31,"column":12},"end":{"line":31,"column":null}},"19":{"start":{"line":33,"column":12},"end":{"line":38,"column":null}},"20":{"start":{"line":40,"column":12},"end":{"line":40,"column":null}},"21":{"start":{"line":42,"column":12},"end":{"line":42,"column":null}},"22":{"start":{"line":48,"column":28},"end":{"line":65,"column":5}},"23":{"start":{"line":49,"column":26},"end":{"line":49,"column":34}},"24":{"start":{"line":51,"column":21},"end":{"line":51,"column":61}},"25":{"start":{"line":53,"column":8},"end":{"line":56,"column":9}},"26":{"start":{"line":54,"column":26},"end":{"line":54,"column":54}},"27":{"start":{"line":55,"column":12},"end":{"line":55,"column":null}},"28":{"start":{"line":58,"column":8},"end":{"line":58,"column":null}},"29":{"start":{"line":59,"column":8},"end":{"line":59,"column":null}},"30":{"start":{"line":60,"column":8},"end":{"line":60,"column":null}},"31":{"start":{"line":62,"column":8},"end":{"line":62,"column":null}},"32":{"start":{"line":67,"column":19},"end":{"line":93,"column":5}},"33":{"start":{"line":69,"column":36},"end":{"line":69,"column":44}},"34":{"start":{"line":71,"column":21},"end":{"line":71,"column":61}},"35":{"start":{"line":73,"column":8},"end":{"line":76,"column":9}},"36":{"start":{"line":74,"column":26},"end":{"line":74,"column":60}},"37":{"start":{"line":75,"column":12},"end":{"line":75,"column":null}},"38":{"start":{"line":78,"column":8},"end":{"line":81,"column":9}},"39":{"start":{"line":79,"column":26},"end":{"line":79,"column":67}},"40":{"start":{"line":80,"column":12},"end":{"line":80,"column":null}},"41":{"start":{"line":83,"column":34},"end":{"line":83,"column":80}},"42":{"start":{"line":85,"column":8},"end":{"line":88,"column":9}},"43":{"start":{"line":86,"column":26},"end":{"line":86,"column":76}},"44":{"start":{"line":87,"column":12},"end":{"line":87,"column":null}},"45":{"start":{"line":90,"column":22},"end":{"line":90,"column":42}},"46":{"start":{"line":91,"column":8},"end":{"line":91,"column":null}},"47":{"start":{"line":95,"column":28},"end":{"line":119,"column":5}},"48":{"start":{"line":97,"column":26},"end":{"line":97,"column":34}},"49":{"start":{"line":99,"column":21},"end":{"line":99,"column":61}},"50":{"start":{"line":101,"column":8},"end":{"line":104,"column":9}},"51":{"start":{"line":102,"column":26},"end":{"line":102,"column":61}},"52":{"start":{"line":103,"column":12},"end":{"line":103,"column":null}},"53":{"start":{"line":106,"column":8},"end":{"line":106,"column":null}},"54":{"start":{"line":107,"column":8},"end":{"line":107,"column":null}},"55":{"start":{"line":109,"column":8},"end":{"line":113,"column":null}},"56":{"start":{"line":116,"column":8},"end":{"line":116,"column":null}},"57":{"start":{"line":123,"column":27},"end":{"line":135,"column":5}},"58":{"start":{"line":124,"column":26},"end":{"line":124,"column":34}},"59":{"start":{"line":126,"column":27},"end":{"line":126,"column":67}},"60":{"start":{"line":128,"column":8},"end":{"line":132,"column":9}},"61":{"start":{"line":129,"column":26},"end":{"line":129,"column":54}},"62":{"start":{"line":130,"column":12},"end":{"line":130,"column":null}},"63":{"start":{"line":134,"column":8},"end":{"line":134,"column":null}},"64":{"start":{"line":138,"column":36},"end":{"line":157,"column":5}},"65":{"start":{"line":140,"column":26},"end":{"line":140,"column":36}},"66":{"start":{"line":141,"column":29},"end":{"line":141,"column":37}},"67":{"start":{"line":143,"column":21},"end":{"line":143,"column":61}},"68":{"start":{"line":145,"column":8},"end":{"line":149,"column":9}},"69":{"start":{"line":146,"column":26},"end":{"line":146,"column":54}},"70":{"start":{"line":147,"column":12},"end":{"line":147,"column":null}},"71":{"start":{"line":151,"column":8},"end":{"line":151,"column":null}},"72":{"start":{"line":152,"column":8},"end":{"line":152,"column":null}},"73":{"start":{"line":153,"column":8},"end":{"line":153,"column":null}},"74":{"start":{"line":156,"column":8},"end":{"line":156,"column":null}},"75":{"start":{"line":159,"column":18},"end":{"line":162,"column":5}},"76":{"start":{"line":160,"column":7},"end":{"line":160,"column":null}},"77":{"start":{"line":165,"column":39},"end":{"line":182,"column":5}},"78":{"start":{"line":167,"column":45},"end":{"line":167,"column":53}},"79":{"start":{"line":168,"column":21},"end":{"line":168,"column":29}},"80":{"start":{"line":170,"column":21},"end":{"line":170,"column":44}},"81":{"start":{"line":172,"column":34},"end":{"line":172,"column":88}},"82":{"start":{"line":173,"column":8},"end":{"line":176,"column":9}},"83":{"start":{"line":174,"column":26},"end":{"line":174,"column":71}},"84":{"start":{"line":175,"column":12},"end":{"line":175,"column":null}},"85":{"start":{"line":178,"column":8},"end":{"line":178,"column":null}},"86":{"start":{"line":179,"column":8},"end":{"line":179,"column":null}},"87":{"start":{"line":181,"column":8},"end":{"line":181,"column":null}},"88":{"start":{"line":185,"column":27},"end":{"line":199,"column":5}},"89":{"start":{"line":187,"column":27},"end":{"line":187,"column":35}},"90":{"start":{"line":188,"column":21},"end":{"line":188,"column":29}},"91":{"start":{"line":190,"column":21},"end":{"line":190,"column":44}},"92":{"start":{"line":192,"column":34},"end":{"line":192,"column":80}},"93":{"start":{"line":193,"column":8},"end":{"line":196,"column":9}},"94":{"start":{"line":194,"column":26},"end":{"line":194,"column":71}},"95":{"start":{"line":195,"column":12},"end":{"line":195,"column":null}},"96":{"start":{"line":198,"column":8},"end":{"line":198,"column":null}},"97":{"start":{"line":11,"column":0},"end":{"line":11,"column":13}}},"fnMap":{"0":{"name":"(anonymous_1)","decl":{"start":{"line":13,"column":27},"end":{"line":13,"column":32}},"loc":{"start":{"line":13,"column":65},"end":{"line":46,"column":5}}},"1":{"name":"(anonymous_2)","decl":{"start":{"line":48,"column":28},"end":{"line":48,"column":33}},"loc":{"start":{"line":48,"column":66},"end":{"line":65,"column":5}}},"2":{"name":"(anonymous_3)","decl":{"start":{"line":67,"column":19},"end":{"line":67,"column":24}},"loc":{"start":{"line":67,"column":57},"end":{"line":93,"column":5}}},"3":{"name":"(anonymous_4)","decl":{"start":{"line":95,"column":28},"end":{"line":95,"column":33}},"loc":{"start":{"line":95,"column":66},"end":{"line":119,"column":5}}},"4":{"name":"(anonymous_5)","decl":{"start":{"line":123,"column":27},"end":{"line":123,"column":32}},"loc":{"start":{"line":123,"column":65},"end":{"line":135,"column":5}}},"5":{"name":"(anonymous_6)","decl":{"start":{"line":138,"column":36},"end":{"line":138,"column":41}},"loc":{"start":{"line":138,"column":74},"end":{"line":157,"column":5}}},"6":{"name":"(anonymous_7)","decl":{"start":{"line":159,"column":18},"end":{"line":159,"column":23}},"loc":{"start":{"line":159,"column":56},"end":{"line":162,"column":5}}},"7":{"name":"(anonymous_8)","decl":{"start":{"line":165,"column":39},"end":{"line":165,"column":44}},"loc":{"start":{"line":165,"column":77},"end":{"line":182,"column":5}}},"8":{"name":"(anonymous_9)","decl":{"start":{"line":185,"column":27},"end":{"line":185,"column":32}},"loc":{"start":{"line":185,"column":65},"end":{"line":199,"column":5}}}},"branchMap":{"0":{"loc":{"start":{"line":17,"column":8},"end":{"line":20,"column":9}},"type":"if","locations":[{"start":{"line":17,"column":8},"end":{"line":20,"column":9}}]},"1":{"loc":{"start":{"line":28,"column":12},"end":{"line":30,"column":13}},"type":"if","locations":[{"start":{"line":28,"column":12},"end":{"line":30,"column":13}}]},"2":{"loc":{"start":{"line":53,"column":8},"end":{"line":56,"column":9}},"type":"if","locations":[{"start":{"line":53,"column":8},"end":{"line":56,"column":9}}]},"3":{"loc":{"start":{"line":73,"column":8},"end":{"line":76,"column":9}},"type":"if","locations":[{"start":{"line":73,"column":8},"end":{"line":76,"column":9}}]},"4":{"loc":{"start":{"line":78,"column":8},"end":{"line":81,"column":9}},"type":"if","locations":[{"start":{"line":78,"column":8},"end":{"line":81,"column":9}}]},"5":{"loc":{"start":{"line":85,"column":8},"end":{"line":88,"column":9}},"type":"if","locations":[{"start":{"line":85,"column":8},"end":{"line":88,"column":9}}]},"6":{"loc":{"start":{"line":101,"column":8},"end":{"line":104,"column":9}},"type":"if","locations":[{"start":{"line":101,"column":8},"end":{"line":104,"column":9}}]},"7":{"loc":{"start":{"line":128,"column":8},"end":{"line":132,"column":9}},"type":"if","locations":[{"start":{"line":128,"column":8},"end":{"line":132,"column":9}}]},"8":{"loc":{"start":{"line":145,"column":8},"end":{"line":149,"column":9}},"type":"if","locations":[{"start":{"line":145,"column":8},"end":{"line":149,"column":9}}]},"9":{"loc":{"start":{"line":173,"column":8},"end":{"line":176,"column":9}},"type":"if","locations":[{"start":{"line":173,"column":8},"end":{"line":176,"column":9}}]},"10":{"loc":{"start":{"line":193,"column":8},"end":{"line":196,"column":9}},"type":"if","locations":[{"start":{"line":193,"column":8},"end":{"line":196,"column":9}}]}},"s":{"0":2,"1":2,"2":2,"3":2,"4":2,"5":2,"6":5,"7":5,"8":5,"9":3,"10":3,"11":2,"12":2,"13":2,"14":2,"15":2,"16":2,"17":2,"18":2,"19":2,"20":2,"21":0,"22":2,"23":2,"24":2,"25":2,"26":1,"27":1,"28":1,"29":1,"30":1,"31":1,"32":2,"33":13,"34":13,"35":13,"36":2,"37":2,"38":11,"39":2,"40":2,"41":9,"42":9,"43":2,"44":2,"45":7,"46":7,"47":2,"48":0,"49":0,"50":0,"51":0,"52":0,"53":0,"54":0,"55":0,"56":0,"57":2,"58":0,"59":0,"60":0,"61":0,"62":0,"63":0,"64":2,"65":0,"66":0,"67":0,"68":0,"69":0,"70":0,"71":0,"72":0,"73":0,"74":0,"75":2,"76":0,"77":2,"78":0,"79":0,"80":0,"81":0,"82":0,"83":0,"84":0,"85":0,"86":0,"87":0,"88":2,"89":0,"90":0,"91":0,"92":0,"93":0,"94":0,"95":0,"96":0,"97":2},"f":{"0":5,"1":2,"2":13,"3":0,"4":0,"5":0,"6":0,"7":0,"8":0},"b":{"0":[3],"1":[2],"2":[1],"3":[2],"4":[2],"5":[2],"6":[0],"7":[0],"8":[0],"9":[0],"10":[0]}}
,"L:\\Luis_D\\PROYECTOS_UDEMY\\CASHTRACKR\\backend\\src\\controllers\\BudgetController.ts": {"path":"L:\\Luis_D\\PROYECTOS_UDEMY\\CASHTRACKR\\backend\\src\\controllers\\BudgetController.ts","statementMap":{"0":{"start":{"line":2,"column":0},"end":{"line":2,"column":38}},"1":{"start":{"line":3,"column":0},"end":{"line":3,"column":40}},"2":{"start":{"line":9,"column":20},"end":{"line":29,"column":5}},"3":{"start":{"line":10,"column":8},"end":{"line":27,"column":9}},"4":{"start":{"line":12,"column":27},"end":{"line":20,"column":14}},"5":{"start":{"line":22,"column":12},"end":{"line":22,"column":null}},"6":{"start":{"line":25,"column":12},"end":{"line":25,"column":null}},"7":{"start":{"line":31,"column":20},"end":{"line":42,"column":5}},"8":{"start":{"line":32,"column":8},"end":{"line":40,"column":9}},"9":{"start":{"line":33,"column":27},"end":{"line":33,"column":56}},"10":{"start":{"line":34,"column":12},"end":{"line":34,"column":40}},"11":{"start":{"line":35,"column":12},"end":{"line":35,"column":null}},"12":{"start":{"line":36,"column":12},"end":{"line":36,"column":null}},"13":{"start":{"line":39,"column":12},"end":{"line":39,"column":null}},"14":{"start":{"line":44,"column":21},"end":{"line":50,"column":5}},"15":{"start":{"line":45,"column":23},"end":{"line":47,"column":10}},"16":{"start":{"line":49,"column":8},"end":{"line":49,"column":null}},"17":{"start":{"line":52,"column":24},"end":{"line":56,"column":5}},"18":{"start":{"line":53,"column":8},"end":{"line":53,"column":null}},"19":{"start":{"line":54,"column":8},"end":{"line":54,"column":null}},"20":{"start":{"line":58,"column":24},"end":{"line":62,"column":5}},"21":{"start":{"line":59,"column":8},"end":{"line":59,"column":null}},"22":{"start":{"line":60,"column":8},"end":{"line":60,"column":null}},"23":{"start":{"line":7,"column":0},"end":{"line":7,"column":13}}},"fnMap":{"0":{"name":"(anonymous_1)","decl":{"start":{"line":9,"column":20},"end":{"line":9,"column":25}},"loc":{"start":{"line":9,"column":58},"end":{"line":29,"column":5}}},"1":{"name":"(anonymous_2)","decl":{"start":{"line":31,"column":20},"end":{"line":31,"column":25}},"loc":{"start":{"line":31,"column":58},"end":{"line":42,"column":5}}},"2":{"name":"(anonymous_3)","decl":{"start":{"line":44,"column":21},"end":{"line":44,"column":26}},"loc":{"start":{"line":44,"column":59},"end":{"line":50,"column":5}}},"3":{"name":"(anonymous_4)","decl":{"start":{"line":52,"column":24},"end":{"line":52,"column":29}},"loc":{"start":{"line":52,"column":62},"end":{"line":56,"column":5}}},"4":{"name":"(anonymous_5)","decl":{"start":{"line":58,"column":24},"end":{"line":58,"column":29}},"loc":{"start":{"line":58,"column":62},"end":{"line":62,"column":5}}}},"branchMap":{},"s":{"0":2,"1":2,"2":2,"3":5,"4":5,"5":4,"6":1,"7":2,"8":3,"9":3,"10":2,"11":2,"12":2,"13":1,"14":2,"15":2,"16":2,"17":2,"18":2,"19":2,"20":2,"21":2,"22":2,"23":2},"f":{"0":5,"1":3,"2":2,"3":2,"4":2},"b":{}}
,"L:\\Luis_D\\PROYECTOS_UDEMY\\CASHTRACKR\\backend\\src\\controllers\\ExpenseController.ts": {"path":"L:\\Luis_D\\PROYECTOS_UDEMY\\CASHTRACKR\\backend\\src\\controllers\\ExpenseController.ts","statementMap":{"0":{"start":{"line":2,"column":0},"end":{"line":2,"column":39}},"1":{"start":{"line":6,"column":20},"end":{"line":18,"column":5}},"2":{"start":{"line":7,"column":8},"end":{"line":17,"column":9}},"3":{"start":{"line":9,"column":28},"end":{"line":9,"column":58}},"4":{"start":{"line":10,"column":12},"end":{"line":10,"column":null}},"5":{"start":{"line":11,"column":12},"end":{"line":11,"column":null}},"6":{"start":{"line":12,"column":12},"end":{"line":12,"column":null}},"7":{"start":{"line":15,"column":12},"end":{"line":15,"column":null}},"8":{"start":{"line":21,"column":21},"end":{"line":23,"column":5}},"9":{"start":{"line":22,"column":8},"end":{"line":22,"column":null}},"10":{"start":{"line":25,"column":24},"end":{"line":29,"column":5}},"11":{"start":{"line":26,"column":8},"end":{"line":26,"column":null}},"12":{"start":{"line":27,"column":8},"end":{"line":27,"column":null}},"13":{"start":{"line":31,"column":24},"end":{"line":34,"column":5}},"14":{"start":{"line":32,"column":8},"end":{"line":32,"column":null}},"15":{"start":{"line":33,"column":8},"end":{"line":33,"column":null}},"16":{"start":{"line":4,"column":0},"end":{"line":4,"column":13}}},"fnMap":{"0":{"name":"(anonymous_1)","decl":{"start":{"line":6,"column":20},"end":{"line":6,"column":25}},"loc":{"start":{"line":6,"column":58},"end":{"line":18,"column":5}}},"1":{"name":"(anonymous_2)","decl":{"start":{"line":21,"column":21},"end":{"line":21,"column":26}},"loc":{"start":{"line":21,"column":59},"end":{"line":23,"column":5}}},"2":{"name":"(anonymous_3)","decl":{"start":{"line":25,"column":24},"end":{"line":25,"column":29}},"loc":{"start":{"line":25,"column":62},"end":{"line":29,"column":5}}},"3":{"name":"(anonymous_4)","decl":{"start":{"line":31,"column":24},"end":{"line":31,"column":29}},"loc":{"start":{"line":31,"column":62},"end":{"line":34,"column":5}}}},"branchMap":{},"s":{"0":2,"1":2,"2":2,"3":2,"4":1,"5":1,"6":1,"7":1,"8":2,"9":1,"10":2,"11":1,"12":1,"13":2,"14":1,"15":1,"16":2},"f":{"0":2,"1":1,"2":1,"3":1},"b":{}}
,"L:\\Luis_D\\PROYECTOS_UDEMY\\CASHTRACKR\\backend\\src\\email\\AuthEmail.ts": {"path":"L:\\Luis_D\\PROYECTOS_UDEMY\\CASHTRACKR\\backend\\src\\email\\AuthEmail.ts","statementMap":{"0":{"start":{"line":1,"column":0},"end":{"line":1,"column":48}},"1":{"start":{"line":11,"column":35},"end":{"line":27,"column":5}},"2":{"start":{"line":12,"column":22},"end":{"line":22,"column":10}},"3":{"start":{"line":24,"column":8},"end":{"line":24,"column":27}},"4":{"start":{"line":30,"column":46},"end":{"line":46,"column":5}},"5":{"start":{"line":31,"column":22},"end":{"line":41,"column":10}},"6":{"start":{"line":43,"column":8},"end":{"line":43,"column":27}},"7":{"start":{"line":10,"column":0},"end":{"line":10,"column":13}}},"fnMap":{"0":{"name":"(anonymous_0)","decl":{"start":{"line":11,"column":35},"end":{"line":11,"column":40}},"loc":{"start":{"line":11,"column":61},"end":{"line":27,"column":5}}},"1":{"name":"(anonymous_1)","decl":{"start":{"line":30,"column":46},"end":{"line":30,"column":51}},"loc":{"start":{"line":30,"column":72},"end":{"line":46,"column":5}}}},"branchMap":{},"s":{"0":1,"1":1,"2":0,"3":0,"4":1,"5":0,"6":0,"7":1},"f":{"0":0,"1":0},"b":{}}
,"L:\\Luis_D\\PROYECTOS_UDEMY\\CASHTRACKR\\backend\\src\\middleware\\Authenticate.ts": {"path":"L:\\Luis_D\\PROYECTOS_UDEMY\\CASHTRACKR\\backend\\src\\middleware\\Authenticate.ts","statementMap":{"0":{"start":{"line":2,"column":0},"end":{"line":2,"column":40}},"1":{"start":{"line":6,"column":34},"end":{"line":16,"column":1}},"2":{"start":{"line":8,"column":3},"end":{"line":9,"column":null}},"3":{"start":{"line":10,"column":3},"end":{"line":11,"column":null}},"4":{"start":{"line":12,"column":3},"end":{"line":13,"column":null}},"5":{"start":{"line":14,"column":4},"end":{"line":14,"column":null}},"6":{"start":{"line":6,"column":13},"end":{"line":6,"column":34}}},"fnMap":{"0":{"name":"(anonymous_0)","decl":{"start":{"line":6,"column":34},"end":{"line":6,"column":39}},"loc":{"start":{"line":6,"column":92},"end":{"line":16,"column":1}}}},"branchMap":{},"s":{"0":1,"1":1,"2":6,"3":6,"4":6,"5":6,"6":1},"f":{"0":6},"b":{}}
,"L:\\Luis_D\\PROYECTOS_UDEMY\\CASHTRACKR\\backend\\src\\middleware\\auth.ts": {"path":"L:\\Luis_D\\PROYECTOS_UDEMY\\CASHTRACKR\\backend\\src\\middleware\\auth.ts","statementMap":{"0":{"start":{"line":2,"column":0},"end":{"line":2,"column":30}},"1":{"start":{"line":3,"column":0},"end":{"line":3,"column":33}},"2":{"start":{"line":15,"column":28},"end":{"line":47,"column":1}},"3":{"start":{"line":17,"column":19},"end":{"line":17,"column":44}},"4":{"start":{"line":19,"column":4},"end":{"line":22,"column":5}},"5":{"start":{"line":20,"column":22},"end":{"line":20,"column":48}},"6":{"start":{"line":21,"column":8},"end":{"line":21,"column":null}},"7":{"start":{"line":24,"column":22},"end":{"line":24,"column":39}},"8":{"start":{"line":26,"column":4},"end":{"line":29,"column":5}},"9":{"start":{"line":27,"column":22},"end":{"line":27,"column":50}},"10":{"start":{"line":28,"column":8},"end":{"line":28,"column":null}},"11":{"start":{"line":31,"column":4},"end":{"line":46,"column":5}},"12":{"start":{"line":33,"column":23},"end":{"line":33,"column":64}},"13":{"start":{"line":34,"column":8},"end":{"line":40,"column":9}},"14":{"start":{"line":35,"column":12},"end":{"line":37,"column":null}},"15":{"start":{"line":39,"column":12},"end":{"line":39,"column":null}},"16":{"start":{"line":44,"column":8},"end":{"line":44,"column":null}},"17":{"start":{"line":15,"column":13},"end":{"line":15,"column":28}}},"fnMap":{"0":{"name":"(anonymous_1)","decl":{"start":{"line":15,"column":28},"end":{"line":15,"column":33}},"loc":{"start":{"line":15,"column":86},"end":{"line":47,"column":1}}}},"branchMap":{"0":{"loc":{"start":{"line":19,"column":4},"end":{"line":22,"column":5}},"type":"if","locations":[{"start":{"line":19,"column":4},"end":{"line":22,"column":5}}]},"1":{"loc":{"start":{"line":26,"column":4},"end":{"line":29,"column":5}},"type":"if","locations":[{"start":{"line":26,"column":4},"end":{"line":29,"column":5}}]},"2":{"loc":{"start":{"line":34,"column":8},"end":{"line":40,"column":9}},"type":"if","locations":[{"start":{"line":34,"column":8},"end":{"line":40,"column":9}}]},"3":{"loc":{"start":{"line":34,"column":12},"end":{"line":34,"column":51}},"type":"binary-expr","locations":[{"start":{"line":34,"column":12},"end":{"line":34,"column":38}},{"start":{"line":34,"column":42},"end":{"line":34,"column":51}}]}},"s":{"0":1,"1":1,"2":1,"3":16,"4":16,"5":5,"6":5,"7":11,"8":11,"9":0,"10":0,"11":11,"12":11,"13":10,"14":10,"15":10,"16":1,"17":1},"f":{"0":16},"b":{"0":[5],"1":[0],"2":[10],"3":[10,10]}}
,"L:\\Luis_D\\PROYECTOS_UDEMY\\CASHTRACKR\\backend\\src\\middleware\\budget.ts": {"path":"L:\\Luis_D\\PROYECTOS_UDEMY\\CASHTRACKR\\backend\\src\\middleware\\budget.ts","statementMap":{"0":{"start":{"line":63,"column":0},"end":{"line":63,"column":16}},"1":{"start":{"line":2,"column":0},"end":{"line":2,"column":65}},"2":{"start":{"line":3,"column":0},"end":{"line":3,"column":37}},"3":{"start":{"line":16,"column":32},"end":{"line":29,"column":1}},"4":{"start":{"line":18,"column":4},"end":{"line":21,"column":null}},"5":{"start":{"line":20,"column":25},"end":{"line":20,"column":34}},"6":{"start":{"line":23,"column":17},"end":{"line":23,"column":38}},"7":{"start":{"line":24,"column":4},"end":{"line":26,"column":5}},"8":{"start":{"line":25,"column":8},"end":{"line":25,"column":null}},"9":{"start":{"line":27,"column":4},"end":{"line":27,"column":null}},"10":{"start":{"line":16,"column":13},"end":{"line":16,"column":32}},"11":{"start":{"line":31,"column":35},"end":{"line":48,"column":1}},"12":{"start":{"line":32,"column":4},"end":{"line":46,"column":5}},"13":{"start":{"line":33,"column":29},"end":{"line":33,"column":39}},"14":{"start":{"line":34,"column":23},"end":{"line":34,"column":54}},"15":{"start":{"line":36,"column":8},"end":{"line":39,"column":9}},"16":{"start":{"line":37,"column":26},"end":{"line":37,"column":64}},"17":{"start":{"line":38,"column":12},"end":{"line":38,"column":null}},"18":{"start":{"line":40,"column":8},"end":{"line":40,"column":null}},"19":{"start":{"line":41,"column":8},"end":{"line":41,"column":null}},"20":{"start":{"line":44,"column":8},"end":{"line":44,"column":null}},"21":{"start":{"line":31,"column":13},"end":{"line":31,"column":35}},"22":{"start":{"line":50,"column":36},"end":{"line":60,"column":1}},"23":{"start":{"line":52,"column":4},"end":{"line":53,"column":null}},"24":{"start":{"line":54,"column":4},"end":{"line":57,"column":null}},"25":{"start":{"line":57,"column":25},"end":{"line":57,"column":34}},"26":{"start":{"line":58,"column":4},"end":{"line":58,"column":null}},"27":{"start":{"line":50,"column":13},"end":{"line":50,"column":36}},"28":{"start":{"line":64,"column":4},"end":{"line":68,"column":5}},"29":{"start":{"line":65,"column":22},"end":{"line":65,"column":51}},"30":{"start":{"line":67,"column":8},"end":{"line":67,"column":null}},"31":{"start":{"line":69,"column":4},"end":{"line":69,"column":null}}},"fnMap":{"0":{"name":"(anonymous_1)","decl":{"start":{"line":16,"column":32},"end":{"line":16,"column":37}},"loc":{"start":{"line":16,"column":90},"end":{"line":29,"column":1}}},"1":{"name":"(anonymous_2)","decl":{"start":{"line":20,"column":16},"end":{"line":20,"column":21}},"loc":{"start":{"line":20,"column":25},"end":{"line":20,"column":34}}},"2":{"name":"(anonymous_3)","decl":{"start":{"line":31,"column":35},"end":{"line":31,"column":40}},"loc":{"start":{"line":31,"column":93},"end":{"line":48,"column":1}}},"3":{"name":"(anonymous_4)","decl":{"start":{"line":50,"column":36},"end":{"line":50,"column":41}},"loc":{"start":{"line":50,"column":94},"end":{"line":60,"column":1}}},"4":{"name":"(anonymous_5)","decl":{"start":{"line":57,"column":16},"end":{"line":57,"column":21}},"loc":{"start":{"line":57,"column":25},"end":{"line":57,"column":34}}},"5":{"name":"hasAccess","decl":{"start":{"line":63,"column":16},"end":{"line":63,"column":25}},"loc":{"start":{"line":63,"column":73},"end":{"line":70,"column":1}}}},"branchMap":{"0":{"loc":{"start":{"line":24,"column":4},"end":{"line":26,"column":5}},"type":"if","locations":[{"start":{"line":24,"column":4},"end":{"line":26,"column":5}}]},"1":{"loc":{"start":{"line":36,"column":8},"end":{"line":39,"column":9}},"type":"if","locations":[{"start":{"line":36,"column":8},"end":{"line":39,"column":9}}]},"2":{"loc":{"start":{"line":64,"column":4},"end":{"line":68,"column":5}},"type":"if","locations":[{"start":{"line":64,"column":4},"end":{"line":68,"column":5}}]}},"s":{"0":3,"1":3,"2":3,"3":3,"4":7,"5":6,"6":7,"7":7,"8":1,"9":6,"10":3,"11":3,"12":9,"13":9,"14":9,"15":8,"16":3,"17":3,"18":5,"19":5,"20":1,"21":3,"22":3,"23":4,"24":4,"25":4,"26":4,"27":3,"28":7,"29":2,"30":2,"31":7},"f":{"0":7,"1":6,"2":9,"3":4,"4":4,"5":7},"b":{"0":[1],"1":[3],"2":[2]}}
,"L:\\Luis_D\\PROYECTOS_UDEMY\\CASHTRACKR\\backend\\src\\middleware\\expense.ts": {"path":"L:\\Luis_D\\PROYECTOS_UDEMY\\CASHTRACKR\\backend\\src\\middleware\\expense.ts","statementMap":{"0":{"start":{"line":2,"column":0},"end":{"line":2,"column":82}},"1":{"start":{"line":3,"column":0},"end":{"line":3,"column":39}},"2":{"start":{"line":14,"column":37},"end":{"line":24,"column":1}},"3":{"start":{"line":16,"column":3},"end":{"line":17,"column":null}},"4":{"start":{"line":18,"column":3},"end":{"line":21,"column":null}},"5":{"start":{"line":21,"column":29},"end":{"line":21,"column":38}},"6":{"start":{"line":22,"column":4},"end":{"line":22,"column":null}},"7":{"start":{"line":14,"column":13},"end":{"line":14,"column":37}},"8":{"start":{"line":26,"column":36},"end":{"line":43,"column":1}},"9":{"start":{"line":27,"column":4},"end":{"line":41,"column":9}},"10":{"start":{"line":28,"column":34},"end":{"line":28,"column":44}},"11":{"start":{"line":29,"column":28},"end":{"line":29,"column":61}},"12":{"start":{"line":31,"column":12},"end":{"line":34,"column":13}},"13":{"start":{"line":32,"column":30},"end":{"line":32,"column":62}},"14":{"start":{"line":33,"column":16},"end":{"line":33,"column":null}},"15":{"start":{"line":35,"column":12},"end":{"line":35,"column":null}},"16":{"start":{"line":36,"column":12},"end":{"line":36,"column":null}},"17":{"start":{"line":39,"column":12},"end":{"line":39,"column":null}},"18":{"start":{"line":26,"column":13},"end":{"line":26,"column":36}}},"fnMap":{"0":{"name":"(anonymous_1)","decl":{"start":{"line":14,"column":37},"end":{"line":14,"column":42}},"loc":{"start":{"line":14,"column":95},"end":{"line":24,"column":1}}},"1":{"name":"(anonymous_2)","decl":{"start":{"line":21,"column":20},"end":{"line":21,"column":25}},"loc":{"start":{"line":21,"column":29},"end":{"line":21,"column":38}}},"2":{"name":"(anonymous_3)","decl":{"start":{"line":26,"column":36},"end":{"line":26,"column":41}},"loc":{"start":{"line":26,"column":94},"end":{"line":43,"column":1}}}},"branchMap":{"0":{"loc":{"start":{"line":31,"column":12},"end":{"line":34,"column":13}},"type":"if","locations":[{"start":{"line":31,"column":12},"end":{"line":34,"column":13}}]}},"s":{"0":2,"1":2,"2":2,"3":0,"4":0,"5":0,"6":0,"7":2,"8":2,"9":3,"10":3,"11":3,"12":2,"13":1,"14":1,"15":1,"16":1,"17":1,"18":2},"f":{"0":0,"1":0,"2":3},"b":{"0":[1]}}
,"L:\\Luis_D\\PROYECTOS_UDEMY\\CASHTRACKR\\backend\\src\\middleware\\validation.ts": {"path":"L:\\Luis_D\\PROYECTOS_UDEMY\\CASHTRACKR\\backend\\src\\middleware\\validation.ts","statementMap":{"0":{"start":{"line":2,"column":0},"end":{"line":2,"column":52}},"1":{"start":{"line":4,"column":33},"end":{"line":10,"column":1}},"2":{"start":{"line":5,"column":17},"end":{"line":5,"column":38}},"3":{"start":{"line":6,"column":4},"end":{"line":8,"column":5}},"4":{"start":{"line":7,"column":8},"end":{"line":7,"column":null}},"5":{"start":{"line":9,"column":4},"end":{"line":9,"column":null}},"6":{"start":{"line":4,"column":13},"end":{"line":4,"column":33}}},"fnMap":{"0":{"name":"(anonymous_0)","decl":{"start":{"line":4,"column":33},"end":{"line":4,"column":34}},"loc":{"start":{"line":4,"column":85},"end":{"line":10,"column":1}}}},"branchMap":{"0":{"loc":{"start":{"line":6,"column":4},"end":{"line":8,"column":5}},"type":"if","locations":[{"start":{"line":6,"column":4},"end":{"line":8,"column":5}}]}},"s":{"0":1,"1":1,"2":26,"3":26,"4":8,"5":18,"6":1},"f":{"0":26},"b":{"0":[8]}}
,"L:\\Luis_D\\PROYECTOS_UDEMY\\CASHTRACKR\\backend\\src\\models\\Budget.ts": {"path":"L:\\Luis_D\\PROYECTOS_UDEMY\\CASHTRACKR\\backend\\src\\models\\Budget.ts","statementMap":{"0":{"start":{"line":1,"column":0},"end":{"line":1,"column":111}},"1":{"start":{"line":2,"column":0},"end":{"line":2,"column":31}},"2":{"start":{"line":3,"column":0},"end":{"line":3,"column":25}},"3":{"start":{"line":12,"column":0},"end":{"line":39,"column":null}},"4":{"start":{"line":18,"column":12},"end":{"line":18,"column":null}},"5":{"start":{"line":24,"column":12},"end":{"line":24,"column":null}},"6":{"start":{"line":30,"column":12},"end":{"line":30,"column":null}},"7":{"start":{"line":26,"column":19},"end":{"line":26,"column":26}},"8":{"start":{"line":34,"column":12},"end":{"line":34,"column":null}},"9":{"start":{"line":33,"column":22},"end":{"line":33,"column":26}},"10":{"start":{"line":37,"column":12},"end":{"line":37,"column":null}},"11":{"start":{"line":36,"column":21},"end":{"line":36,"column":25}},"12":{"start":{"line":12,"column":6},"end":{"line":39,"column":null}},"13":{"start":{"line":41,"column":0},"end":{"line":41,"column":null}}},"fnMap":{"0":{"name":"(anonymous_3)","decl":{"start":{"line":26,"column":13},"end":{"line":26,"column":16}},"loc":{"start":{"line":26,"column":19},"end":{"line":26,"column":26}}},"1":{"name":"(anonymous_4)","decl":{"start":{"line":33,"column":16},"end":{"line":33,"column":19}},"loc":{"start":{"line":33,"column":22},"end":{"line":33,"column":26}}},"2":{"name":"(anonymous_5)","decl":{"start":{"line":36,"column":15},"end":{"line":36,"column":18}},"loc":{"start":{"line":36,"column":21},"end":{"line":36,"column":25}}}},"branchMap":{"0":{"loc":{"start":{"line":37,"column":19},"end":{"line":37,"column":null}},"type":"cond-expr","locations":[{"start":{"line":37,"column":23},"end":{"line":37,"column":null}},{"start":{"line":37,"column":23},"end":{"line":37,"column":null}}]},"1":{"loc":{"start":{"line":37,"column":19},"end":{"line":37,"column":23}},"type":"binary-expr","locations":[{"start":{"line":37,"column":19},"end":{"line":37,"column":null}},{"start":{"line":37,"column":19},"end":{"line":37,"column":23}}]}},"s":{"0":3,"1":3,"2":3,"3":3,"4":3,"5":3,"6":3,"7":3,"8":3,"9":2,"10":3,"11":3,"12":3,"13":3},"f":{"0":3,"1":2,"2":3},"b":{"0":[2,1],"1":[3,3]}}
,"L:\\Luis_D\\PROYECTOS_UDEMY\\CASHTRACKR\\backend\\src\\models\\Expense.ts": {"path":"L:\\Luis_D\\PROYECTOS_UDEMY\\CASHTRACKR\\backend\\src\\models\\Expense.ts","statementMap":{"0":{"start":{"line":1,"column":0},"end":{"line":1,"column":110}},"1":{"start":{"line":2,"column":0},"end":{"line":2,"column":29}},"2":{"start":{"line":8,"column":0},"end":{"line":30,"column":null}},"3":{"start":{"line":14,"column":12},"end":{"line":14,"column":null}},"4":{"start":{"line":20,"column":12},"end":{"line":20,"column":null}},"5":{"start":{"line":24,"column":12},"end":{"line":24,"column":null}},"6":{"start":{"line":23,"column":22},"end":{"line":23,"column":28}},"7":{"start":{"line":28,"column":12},"end":{"line":28,"column":null}},"8":{"start":{"line":27,"column":21},"end":{"line":27,"column":27}},"9":{"start":{"line":8,"column":6},"end":{"line":30,"column":null}},"10":{"start":{"line":32,"column":0},"end":{"line":32,"column":null}}},"fnMap":{"0":{"name":"(anonymous_3)","decl":{"start":{"line":23,"column":16},"end":{"line":23,"column":19}},"loc":{"start":{"line":23,"column":22},"end":{"line":23,"column":28}}},"1":{"name":"(anonymous_4)","decl":{"start":{"line":27,"column":15},"end":{"line":27,"column":18}},"loc":{"start":{"line":27,"column":21},"end":{"line":27,"column":27}}}},"branchMap":{"0":{"loc":{"start":{"line":28,"column":21},"end":{"line":28,"column":null}},"type":"cond-expr","locations":[{"start":{"line":28,"column":27},"end":{"line":28,"column":null}},{"start":{"line":28,"column":27},"end":{"line":28,"column":null}}]},"1":{"loc":{"start":{"line":28,"column":21},"end":{"line":28,"column":27}},"type":"binary-expr","locations":[{"start":{"line":28,"column":21},"end":{"line":28,"column":null}},{"start":{"line":28,"column":21},"end":{"line":28,"column":27}}]}},"s":{"0":3,"1":3,"2":3,"3":3,"4":3,"5":3,"6":2,"7":3,"8":2,"9":3,"10":3},"f":{"0":2,"1":2},"b":{"0":[0,3],"1":[3,1]}}
,"L:\\Luis_D\\PROYECTOS_UDEMY\\CASHTRACKR\\backend\\src\\models\\User.ts": {"path":"L:\\Luis_D\\PROYECTOS_UDEMY\\CASHTRACKR\\backend\\src\\models\\User.ts","statementMap":{"0":{"start":{"line":1,"column":0},"end":{"line":1,"column":null}},"1":{"start":{"line":3,"column":0},"end":{"line":3,"column":29}},"2":{"start":{"line":9,"column":0},"end":{"line":47,"column":null}},"3":{"start":{"line":15,"column":12},"end":{"line":15,"column":null}},"4":{"start":{"line":21,"column":12},"end":{"line":21,"column":null}},"5":{"start":{"line":28,"column":12},"end":{"line":28,"column":null}},"6":{"start":{"line":34,"column":12},"end":{"line":34,"column":null}},"7":{"start":{"line":40,"column":12},"end":{"line":40,"column":null}},"8":{"start":{"line":46,"column":12},"end":{"line":46,"column":null}},"9":{"start":{"line":42,"column":19},"end":{"line":42,"column":25}},"10":{"start":{"line":9,"column":6},"end":{"line":47,"column":null}},"11":{"start":{"line":50,"column":0},"end":{"line":50,"column":null}}},"fnMap":{"0":{"name":"(anonymous_3)","decl":{"start":{"line":42,"column":13},"end":{"line":42,"column":16}},"loc":{"start":{"line":42,"column":19},"end":{"line":42,"column":25}}}},"branchMap":{},"s":{"0":3,"1":3,"2":3,"3":3,"4":3,"5":3,"6":3,"7":3,"8":3,"9":2,"10":3,"11":3},"f":{"0":2},"b":{}}
,"L:\\Luis_D\\PROYECTOS_UDEMY\\CASHTRACKR\\backend\\src\\routes\\authRoute.ts": {"path":"L:\\Luis_D\\PROYECTOS_UDEMY\\CASHTRACKR\\backend\\src\\routes\\authRoute.ts","statementMap":{"0":{"start":{"line":1,"column":0},"end":{"line":1,"column":33}},"1":{"start":{"line":2,"column":0},"end":{"line":2,"column":63}},"2":{"start":{"line":3,"column":0},"end":{"line":3,"column":64}},"3":{"start":{"line":4,"column":0},"end":{"line":4,"column":61}},"4":{"start":{"line":5,"column":0},"end":{"line":5,"column":48}},"5":{"start":{"line":6,"column":0},"end":{"line":6,"column":44}},"6":{"start":{"line":7,"column":0},"end":{"line":7,"column":50}},"7":{"start":{"line":10,"column":15},"end":{"line":10,"column":23}},"8":{"start":{"line":13,"column":0},"end":{"line":13,"column":null}},"9":{"start":{"line":15,"column":0},"end":{"line":18,"column":null}},"10":{"start":{"line":20,"column":0},"end":{"line":25,"column":null}},"11":{"start":{"line":27,"column":0},"end":{"line":34,"column":null}},"12":{"start":{"line":37,"column":0},"end":{"line":42,"column":null}},"13":{"start":{"line":44,"column":0},"end":{"line":51,"column":null}},"14":{"start":{"line":54,"column":0},"end":{"line":63,"column":null}},"15":{"start":{"line":65,"column":0},"end":{"line":68,"column":null}},"16":{"start":{"line":70,"column":0},"end":{"line":78,"column":null}},"17":{"start":{"line":80,"column":0},"end":{"line":86,"column":null}},"18":{"start":{"line":90,"column":0},"end":{"line":90,"column":null}}},"fnMap":{},"branchMap":{},"s":{"0":1,"1":1,"2":1,"3":1,"4":1,"5":1,"6":1,"7":1,"8":1,"9":1,"10":1,"11":1,"12":1,"13":1,"14":1,"15":1,"16":1,"17":1,"18":1},"f":{},"b":{}}
,"L:\\Luis_D\\PROYECTOS_UDEMY\\CASHTRACKR\\backend\\src\\routes\\budgetRoute.ts": {"path":"L:\\Luis_D\\PROYECTOS_UDEMY\\CASHTRACKR\\backend\\src\\routes\\budgetRoute.ts","statementMap":{"0":{"start":{"line":1,"column":0},"end":{"line":1,"column":33}},"1":{"start":{"line":2,"column":0},"end":{"line":2,"column":67}},"2":{"start":{"line":3,"column":0},"end":{"line":3,"column":61}},"3":{"start":{"line":4,"column":0},"end":{"line":4,"column":110}},"4":{"start":{"line":5,"column":0},"end":{"line":5,"column":70}},"5":{"start":{"line":6,"column":0},"end":{"line":6,"column":84}},"6":{"start":{"line":7,"column":0},"end":{"line":7,"column":50}},"7":{"start":{"line":9,"column":15},"end":{"line":9,"column":23}},"8":{"start":{"line":11,"column":0},"end":{"line":11,"column":25}},"9":{"start":{"line":14,"column":0},"end":{"line":14,"column":null}},"10":{"start":{"line":15,"column":0},"end":{"line":15,"column":null}},"11":{"start":{"line":16,"column":0},"end":{"line":16,"column":null}},"12":{"start":{"line":18,"column":0},"end":{"line":18,"column":null}},"13":{"start":{"line":19,"column":0},"end":{"line":19,"column":null}},"14":{"start":{"line":24,"column":0},"end":{"line":24,"column":null}},"15":{"start":{"line":26,"column":0},"end":{"line":29,"column":null}},"16":{"start":{"line":31,"column":0},"end":{"line":31,"column":null}},"17":{"start":{"line":33,"column":0},"end":{"line":36,"column":null}},"18":{"start":{"line":38,"column":0},"end":{"line":38,"column":null}},"19":{"start":{"line":43,"column":0},"end":{"line":46,"column":null}},"20":{"start":{"line":48,"column":0},"end":{"line":48,"column":null}},"21":{"start":{"line":50,"column":0},"end":{"line":53,"column":null}},"22":{"start":{"line":55,"column":0},"end":{"line":55,"column":null}},"23":{"start":{"line":60,"column":0},"end":{"line":60,"column":null}}},"fnMap":{},"branchMap":{},"s":{"0":1,"1":1,"2":1,"3":1,"4":1,"5":1,"6":1,"7":1,"8":1,"9":1,"10":1,"11":1,"12":1,"13":1,"14":1,"15":1,"16":1,"17":1,"18":1,"19":1,"20":1,"21":1,"22":1,"23":1},"f":{},"b":{}}
,"L:\\Luis_D\\PROYECTOS_UDEMY\\CASHTRACKR\\backend\\src\\test\\mocks\\budgets.ts": {"path":"L:\\Luis_D\\PROYECTOS_UDEMY\\CASHTRACKR\\backend\\src\\test\\mocks\\budgets.ts","statementMap":{"0":{"start":{"line":1,"column":13},"end":{"line":71,"column":2}}},"fnMap":{},"branchMap":{},"s":{"0":3},"f":{},"b":{}}
,"L:\\Luis_D\\PROYECTOS_UDEMY\\CASHTRACKR\\backend\\src\\test\\mocks\\expenses.ts": {"path":"L:\\Luis_D\\PROYECTOS_UDEMY\\CASHTRACKR\\backend\\src\\test\\mocks\\expenses.ts","statementMap":{"0":{"start":{"line":1,"column":13},"end":{"line":26,"column":null}}},"fnMap":{},"branchMap":{},"s":{"0":2},"f":{},"b":{}}
,"L:\\Luis_D\\PROYECTOS_UDEMY\\CASHTRACKR\\backend\\src\\utils\\auth.ts": {"path":"L:\\Luis_D\\PROYECTOS_UDEMY\\CASHTRACKR\\backend\\src\\utils\\auth.ts","statementMap":{"0":{"start":{"line":1,"column":0},"end":{"line":1,"column":27}},"1":{"start":{"line":3,"column":28},"end":{"line":8,"column":1}},"2":{"start":{"line":7,"column":4},"end":{"line":7,"column":43}},"3":{"start":{"line":3,"column":13},"end":{"line":3,"column":28}},"4":{"start":{"line":10,"column":31},"end":{"line":12,"column":1}},"5":{"start":{"line":11,"column":4},"end":{"line":11,"column":null}},"6":{"start":{"line":10,"column":13},"end":{"line":10,"column":31}}},"fnMap":{"0":{"name":"(anonymous_1)","decl":{"start":{"line":3,"column":28},"end":{"line":3,"column":33}},"loc":{"start":{"line":3,"column":55},"end":{"line":8,"column":1}}},"1":{"name":"(anonymous_2)","decl":{"start":{"line":10,"column":31},"end":{"line":10,"column":36}},"loc":{"start":{"line":10,"column":75},"end":{"line":12,"column":1}}}},"branchMap":{},"s":{"0":2,"1":2,"2":1,"3":2,"4":2,"5":5,"6":2},"f":{"0":1,"1":5},"b":{}}
,"L:\\Luis_D\\PROYECTOS_UDEMY\\CASHTRACKR\\backend\\src\\utils\\jwt.ts": {"path":"L:\\Luis_D\\PROYECTOS_UDEMY\\CASHTRACKR\\backend\\src\\utils\\jwt.ts","statementMap":{"0":{"start":{"line":1,"column":0},"end":{"line":1,"column":30}},"1":{"start":{"line":3,"column":27},"end":{"line":9,"column":1}},"2":{"start":{"line":4,"column":18},"end":{"line":6,"column":6}},"3":{"start":{"line":8,"column":4},"end":{"line":8,"column":null}},"4":{"start":{"line":3,"column":13},"end":{"line":3,"column":27}}},"fnMap":{"0":{"name":"(anonymous_1)","decl":{"start":{"line":3,"column":27},"end":{"line":3,"column":28}},"loc":{"start":{"line":3,"column":51},"end":{"line":9,"column":1}}}},"branchMap":{},"s":{"0":2,"1":2,"2":5,"3":5,"4":2},"f":{"0":5},"b":{}}
,"L:\\Luis_D\\PROYECTOS_UDEMY\\CASHTRACKR\\backend\\src\\utils\\token.ts": {"path":"L:\\Luis_D\\PROYECTOS_UDEMY\\CASHTRACKR\\backend\\src\\utils\\token.ts","statementMap":{"0":{"start":{"line":1,"column":29},"end":{"line":1,"column":89}},"1":{"start":{"line":1,"column":35},"end":{"line":1,"column":89}},"2":{"start":{"line":1,"column":13},"end":{"line":1,"column":29}}},"fnMap":{"0":{"name":"(anonymous_0)","decl":{"start":{"line":1,"column":29},"end":{"line":1,"column":32}},"loc":{"start":{"line":1,"column":35},"end":{"line":1,"column":89}}}},"branchMap":{},"s":{"0":2,"1":1,"2":2},"f":{"0":1},"b":{}}
}
