TN:
SF:src\server.ts
FN:8,connectDB
FN:37,(anonymous_2)
FNF:2
FNH:0
FNDA:0,connectDB
FNDA:0,(anonymous_2)
DA:1,1
DA:3,1
DA:4,1
DA:5,1
DA:6,1
DA:9,0
DA:10,0
DA:11,0
DA:20,1
DA:21,0
DA:28,1
DA:30,1
DA:32,1
DA:34,1
DA:35,1
DA:37,1
DA:38,0
DA:43,1
LF:18
LH:13
BRDA:20,0,0,0
BRF:1
BRH:0
end_of_record
TN:
SF:src\config\db.ts
FNF:0
FNH:0
DA:1,1
DA:2,1
DA:4,1
DA:8,1
LF:4
LH:4
BRF:0
BRH:0
end_of_record
TN:
SF:src\config\limiter.ts
FNF:0
FNH:0
DA:1,1
DA:3,1
LF:2
LH:2
BRDA:5,0,0,0
BRDA:5,0,1,1
BRF:2
BRH:1
end_of_record
TN:
SF:src\config\nodemailer.ts
FN:15,(anonymous_1)
FNF:1
FNH:1
FNDA:1,(anonymous_1)
DA:1,1
DA:2,1
DA:3,1
DA:15,1
DA:16,1
DA:27,1
LF:6
LH:6
BRF:0
BRH:0
end_of_record
TN:
SF:src\controllers\AuthController.ts
FN:13,(anonymous_1)
FN:48,(anonymous_2)
FN:67,(anonymous_3)
FN:95,(anonymous_4)
FN:123,(anonymous_5)
FN:138,(anonymous_6)
FN:159,(anonymous_7)
FN:165,(anonymous_8)
FN:185,(anonymous_9)
FNF:9
FNH:3
FNDA:5,(anonymous_1)
FNDA:2,(anonymous_2)
FNDA:13,(anonymous_3)
FNDA:0,(anonymous_4)
FNDA:0,(anonymous_5)
FNDA:0,(anonymous_6)
FNDA:0,(anonymous_7)
FNDA:0,(anonymous_8)
FNDA:0,(anonymous_9)
DA:2,2
DA:3,2
DA:4,2
DA:5,2
DA:6,2
DA:11,2
DA:13,2
DA:14,5
DA:15,5
DA:17,5
DA:18,3
DA:19,3
DA:22,2
DA:23,2
DA:24,2
DA:25,2
DA:26,2
DA:28,2
DA:29,2
DA:31,2
DA:33,2
DA:40,2
DA:42,0
DA:48,2
DA:49,2
DA:51,2
DA:53,2
DA:54,1
DA:55,1
DA:58,1
DA:59,1
DA:60,1
DA:62,1
DA:67,2
DA:69,13
DA:71,13
DA:73,13
DA:74,2
DA:75,2
DA:78,11
DA:79,2
DA:80,2
DA:83,9
DA:85,9
DA:86,2
DA:87,2
DA:90,7
DA:91,7
DA:95,2
DA:97,0
DA:99,0
DA:101,0
DA:102,0
DA:103,0
DA:106,0
DA:107,0
DA:109,0
DA:116,0
DA:123,2
DA:124,0
DA:126,0
DA:128,0
DA:129,0
DA:130,0
DA:134,0
DA:138,2
DA:140,0
DA:141,0
DA:143,0
DA:145,0
DA:146,0
DA:147,0
DA:151,0
DA:152,0
DA:153,0
DA:156,0
DA:159,2
DA:160,0
DA:165,2
DA:167,0
DA:168,0
DA:170,0
DA:172,0
DA:173,0
DA:174,0
DA:175,0
DA:178,0
DA:179,0
DA:181,0
DA:185,2
DA:187,0
DA:188,0
DA:190,0
DA:192,0
DA:193,0
DA:194,0
DA:195,0
DA:198,0
LF:98
LH:53
BRDA:17,0,0,3
BRDA:28,1,0,2
BRDA:53,2,0,1
BRDA:73,3,0,2
BRDA:78,4,0,2
BRDA:85,5,0,2
BRDA:101,6,0,0
BRDA:128,7,0,0
BRDA:145,8,0,0
BRDA:173,9,0,0
BRDA:193,10,0,0
BRF:11
BRH:6
end_of_record
TN:
SF:src\controllers\BudgetController.ts
FN:9,(anonymous_1)
FN:31,(anonymous_2)
FN:44,(anonymous_3)
FN:52,(anonymous_4)
FN:58,(anonymous_5)
FNF:5
FNH:5
FNDA:5,(anonymous_1)
FNDA:3,(anonymous_2)
FNDA:2,(anonymous_3)
FNDA:2,(anonymous_4)
FNDA:2,(anonymous_5)
DA:2,2
DA:3,2
DA:7,2
DA:9,2
DA:10,5
DA:12,5
DA:22,4
DA:25,1
DA:31,2
DA:32,3
DA:33,3
DA:34,2
DA:35,2
DA:36,2
DA:39,1
DA:44,2
DA:45,2
DA:49,2
DA:52,2
DA:53,2
DA:54,2
DA:58,2
DA:59,2
DA:60,2
LF:24
LH:24
BRF:0
BRH:0
end_of_record
TN:
SF:src\controllers\ExpenseController.ts
FN:6,(anonymous_1)
FN:21,(anonymous_2)
FN:25,(anonymous_3)
FN:31,(anonymous_4)
FNF:4
FNH:4
FNDA:2,(anonymous_1)
FNDA:1,(anonymous_2)
FNDA:1,(anonymous_3)
FNDA:1,(anonymous_4)
DA:2,2
DA:4,2
DA:6,2
DA:7,2
DA:9,2
DA:10,1
DA:11,1
DA:12,1
DA:15,1
DA:21,2
DA:22,1
DA:25,2
DA:26,1
DA:27,1
DA:31,2
DA:32,1
DA:33,1
LF:17
LH:17
BRF:0
BRH:0
end_of_record
TN:
SF:src\email\AuthEmail.ts
FN:11,(anonymous_0)
FN:30,(anonymous_1)
FNF:2
FNH:0
FNDA:0,(anonymous_0)
FNDA:0,(anonymous_1)
DA:1,1
DA:10,1
DA:11,1
DA:12,0
DA:24,0
DA:30,1
DA:31,0
DA:43,0
LF:8
LH:4
BRF:0
BRH:0
end_of_record
TN:
SF:src\middleware\Authenticate.ts
FN:6,(anonymous_0)
FNF:1
FNH:1
FNDA:6,(anonymous_0)
DA:2,1
DA:6,1
DA:8,6
DA:10,6
DA:12,6
DA:14,6
LF:6
LH:6
BRF:0
BRH:0
end_of_record
TN:
SF:src\middleware\auth.ts
FN:15,(anonymous_1)
FNF:1
FNH:1
FNDA:16,(anonymous_1)
DA:2,1
DA:3,1
DA:15,1
DA:17,16
DA:19,16
DA:20,5
DA:21,5
DA:24,11
DA:26,11
DA:27,0
DA:28,0
DA:31,11
DA:33,11
DA:34,10
DA:35,10
DA:39,10
DA:44,1
LF:17
LH:15
BRDA:19,0,0,5
BRDA:26,1,0,0
BRDA:34,2,0,10
BRDA:34,3,0,10
BRDA:34,3,1,10
BRF:5
BRH:4
end_of_record
TN:
SF:src\middleware\budget.ts
FN:16,(anonymous_1)
FN:20,(anonymous_2)
FN:31,(anonymous_3)
FN:50,(anonymous_4)
FN:57,(anonymous_5)
FN:63,hasAccess
FNF:6
FNH:6
FNDA:7,(anonymous_1)
FNDA:6,(anonymous_2)
FNDA:9,(anonymous_3)
FNDA:4,(anonymous_4)
FNDA:4,(anonymous_5)
FNDA:7,hasAccess
DA:2,3
DA:3,3
DA:16,3
DA:18,7
DA:20,6
DA:23,7
DA:24,7
DA:25,1
DA:27,6
DA:31,3
DA:32,9
DA:33,9
DA:34,9
DA:36,8
DA:37,3
DA:38,3
DA:40,5
DA:41,5
DA:44,1
DA:50,3
DA:52,4
DA:54,4
DA:57,4
DA:58,4
DA:63,3
DA:64,7
DA:65,2
DA:67,2
DA:69,7
LF:29
LH:29
BRDA:24,0,0,1
BRDA:36,1,0,3
BRDA:64,2,0,2
BRF:3
BRH:3
end_of_record
TN:
SF:src\middleware\expense.ts
FN:14,(anonymous_1)
FN:21,(anonymous_2)
FN:26,(anonymous_3)
FNF:3
FNH:1
FNDA:0,(anonymous_1)
FNDA:0,(anonymous_2)
FNDA:3,(anonymous_3)
DA:2,2
DA:3,2
DA:14,2
DA:16,0
DA:18,0
DA:21,0
DA:22,0
DA:26,2
DA:27,3
DA:28,3
DA:29,3
DA:31,2
DA:32,1
DA:33,1
DA:35,1
DA:36,1
DA:39,1
LF:17
LH:13
BRDA:31,0,0,1
BRF:1
BRH:1
end_of_record
TN:
SF:src\middleware\validation.ts
FN:4,(anonymous_0)
FNF:1
FNH:1
FNDA:26,(anonymous_0)
DA:2,1
DA:4,1
DA:5,26
DA:6,26
DA:7,8
DA:9,18
LF:6
LH:6
BRDA:6,0,0,8
BRF:1
BRH:1
end_of_record
TN:
SF:src\models\Budget.ts
FN:26,(anonymous_3)
FN:33,(anonymous_4)
FN:36,(anonymous_5)
FNF:3
FNH:3
FNDA:3,(anonymous_3)
FNDA:2,(anonymous_4)
FNDA:3,(anonymous_5)
DA:1,3
DA:2,3
DA:3,3
DA:12,3
DA:18,3
DA:24,3
DA:26,3
DA:30,3
DA:33,2
DA:34,3
DA:36,3
DA:37,3
DA:41,3
LF:13
LH:13
BRDA:37,0,0,2
BRDA:37,0,1,1
BRDA:37,1,0,3
BRDA:37,1,1,3
BRF:4
BRH:4
end_of_record
TN:
SF:src\models\Expense.ts
FN:23,(anonymous_3)
FN:27,(anonymous_4)
FNF:2
FNH:2
FNDA:2,(anonymous_3)
FNDA:2,(anonymous_4)
DA:1,3
DA:2,3
DA:8,3
DA:14,3
DA:20,3
DA:23,2
DA:24,3
DA:27,2
DA:28,3
DA:32,3
LF:10
LH:10
BRDA:28,0,0,0
BRDA:28,0,1,3
BRDA:28,1,0,3
BRDA:28,1,1,1
BRF:4
BRH:3
end_of_record
TN:
SF:src\models\User.ts
FN:42,(anonymous_3)
FNF:1
FNH:1
FNDA:2,(anonymous_3)
DA:1,3
DA:3,3
DA:9,3
DA:15,3
DA:21,3
DA:28,3
DA:34,3
DA:40,3
DA:42,2
DA:46,3
DA:50,3
LF:11
LH:11
BRF:0
BRH:0
end_of_record
TN:
SF:src\routes\authRoute.ts
FNF:0
FNH:0
DA:1,1
DA:2,1
DA:3,1
DA:4,1
DA:5,1
DA:6,1
DA:7,1
DA:10,1
DA:13,1
DA:15,1
DA:20,1
DA:27,1
DA:37,1
DA:44,1
DA:54,1
DA:65,1
DA:70,1
DA:80,1
DA:90,1
LF:19
LH:19
BRF:0
BRH:0
end_of_record
TN:
SF:src\routes\budgetRoute.ts
FNF:0
FNH:0
DA:1,1
DA:2,1
DA:3,1
DA:4,1
DA:5,1
DA:6,1
DA:7,1
DA:9,1
DA:11,1
DA:14,1
DA:15,1
DA:16,1
DA:18,1
DA:19,1
DA:24,1
DA:26,1
DA:31,1
DA:33,1
DA:38,1
DA:43,1
DA:48,1
DA:50,1
DA:55,1
DA:60,1
LF:24
LH:24
BRF:0
BRH:0
end_of_record
TN:
SF:src\test\mocks\budgets.ts
FNF:0
FNH:0
DA:1,3
LF:1
LH:1
BRF:0
BRH:0
end_of_record
TN:
SF:src\test\mocks\expenses.ts
FNF:0
FNH:0
DA:1,2
LF:1
LH:1
BRF:0
BRH:0
end_of_record
TN:
SF:src\utils\auth.ts
FN:3,(anonymous_1)
FN:10,(anonymous_2)
FNF:2
FNH:2
FNDA:1,(anonymous_1)
FNDA:5,(anonymous_2)
DA:1,2
DA:3,2
DA:7,1
DA:10,2
DA:11,5
LF:5
LH:5
BRF:0
BRH:0
end_of_record
TN:
SF:src\utils\jwt.ts
FN:3,(anonymous_1)
FNF:1
FNH:1
FNDA:5,(anonymous_1)
DA:1,2
DA:3,2
DA:4,5
DA:8,5
LF:4
LH:4
BRF:0
BRH:0
end_of_record
TN:
SF:src\utils\token.ts
FN:1,(anonymous_0)
FNF:1
FNH:1
FNDA:1,(anonymous_0)
DA:1,2
LF:1
LH:1
BRF:0
BRH:0
end_of_record
