TN:
SF:src\config\nodemailer.ts
FN:15,(anonymous_1)
FNF:1
FNH:1
FNDA:1,(anonymous_1)
DA:1,1
DA:2,1
DA:3,1
DA:15,1
DA:16,1
DA:27,1
LF:6
LH:6
BRF:0
BRH:0
end_of_record
TN:
SF:src\controllers\AuthController.ts
FN:13,(anonymous_1)
FN:43,(anonymous_2)
FN:62,(anonymous_3)
FN:90,(anonymous_4)
FN:118,(anonymous_5)
FN:133,(anonymous_6)
FN:154,(anonymous_7)
FN:160,(anonymous_8)
FN:180,(anonymous_9)
FNF:9
FNH:2
FNDA:2,(anonymous_1)
FNDA:0,(anonymous_2)
FNDA:3,(anonymous_3)
FNDA:0,(anonymous_4)
FNDA:0,(anonymous_5)
FNDA:0,(anonymous_6)
FNDA:0,(anonymous_7)
FNDA:0,(anonymous_8)
FNDA:0,(anonymous_9)
DA:2,1
DA:3,1
DA:4,1
DA:5,1
DA:6,1
DA:11,1
DA:13,1
DA:14,2
DA:15,2
DA:17,2
DA:18,1
DA:19,1
DA:22,1
DA:23,1
DA:24,1
DA:25,1
DA:26,1
DA:28,1
DA:35,1
DA:37,0
DA:43,1
DA:44,0
DA:46,0
DA:48,0
DA:49,0
DA:50,0
DA:53,0
DA:54,0
DA:55,0
DA:57,0
DA:62,1
DA:64,3
DA:66,3
DA:68,3
DA:69,1
DA:70,1
DA:73,2
DA:74,0
DA:75,0
DA:78,2
DA:80,2
DA:81,1
DA:82,1
DA:85,1
DA:86,1
DA:90,1
DA:92,0
DA:94,0
DA:96,0
DA:97,0
DA:98,0
DA:101,0
DA:102,0
DA:104,0
DA:111,0
DA:118,1
DA:119,0
DA:121,0
DA:123,0
DA:124,0
DA:125,0
DA:129,0
DA:133,1
DA:135,0
DA:136,0
DA:138,0
DA:140,0
DA:141,0
DA:142,0
DA:146,0
DA:147,0
DA:148,0
DA:151,0
DA:154,1
DA:155,0
DA:160,1
DA:162,0
DA:163,0
DA:165,0
DA:167,0
DA:168,0
DA:169,0
DA:170,0
DA:173,0
DA:174,0
DA:176,0
DA:180,1
DA:182,0
DA:183,0
DA:185,0
DA:187,0
DA:188,0
DA:189,0
DA:190,0
DA:193,0
LF:95
LH:39
BRDA:17,0,0,1
BRDA:17,0,1,1
BRDA:48,1,0,0
BRDA:48,1,1,0
BRDA:68,2,0,1
BRDA:68,2,1,2
BRDA:73,3,0,0
BRDA:73,3,1,2
BRDA:80,4,0,1
BRDA:80,4,1,1
BRDA:96,5,0,0
BRDA:96,5,1,0
BRDA:123,6,0,0
BRDA:123,6,1,0
BRDA:140,7,0,0
BRDA:140,7,1,0
BRDA:168,8,0,0
BRDA:168,8,1,0
BRDA:188,9,0,0
BRDA:188,9,1,0
BRF:20
BRH:7
end_of_record
TN:
SF:src\controllers\BudgetController.ts
FN:9,(anonymous_1)
FN:31,(anonymous_2)
FN:44,(anonymous_3)
FN:52,(anonymous_4)
FN:58,(anonymous_5)
FNF:5
FNH:5
FNDA:4,(anonymous_1)
FNDA:2,(anonymous_2)
FNDA:1,(anonymous_3)
FNDA:1,(anonymous_4)
FNDA:1,(anonymous_5)
DA:2,1
DA:3,1
DA:7,1
DA:9,1
DA:10,4
DA:12,4
DA:22,3
DA:25,1
DA:31,1
DA:32,2
DA:33,2
DA:34,1
DA:35,1
DA:36,1
DA:39,1
DA:44,1
DA:45,1
DA:49,1
DA:52,1
DA:53,1
DA:54,1
DA:58,1
DA:59,1
DA:60,1
LF:24
LH:24
BRF:0
BRH:0
end_of_record
TN:
SF:src\controllers\ExpenseController.ts
FN:6,(anonymous_1)
FN:21,(anonymous_2)
FN:25,(anonymous_3)
FN:31,(anonymous_4)
FNF:4
FNH:4
FNDA:2,(anonymous_1)
FNDA:1,(anonymous_2)
FNDA:1,(anonymous_3)
FNDA:1,(anonymous_4)
DA:2,1
DA:4,1
DA:6,1
DA:7,2
DA:9,2
DA:10,1
DA:11,1
DA:12,1
DA:15,1
DA:21,1
DA:22,1
DA:25,1
DA:26,1
DA:27,1
DA:31,1
DA:32,1
DA:33,1
LF:17
LH:17
BRF:0
BRH:0
end_of_record
TN:
SF:src\email\AuthEmail.ts
FN:11,(anonymous_0)
FN:30,(anonymous_1)
FNF:2
FNH:0
FNDA:0,(anonymous_0)
FNDA:0,(anonymous_1)
DA:1,1
DA:10,1
DA:11,1
DA:12,0
DA:24,0
DA:30,1
DA:31,0
DA:43,0
LF:8
LH:4
BRF:0
BRH:0
end_of_record
TN:
SF:src\middleware\budget.ts
FN:16,(anonymous_1)
FN:19,(anonymous_2)
FN:29,(anonymous_3)
FN:48,(anonymous_4)
FN:55,(anonymous_5)
FN:61,hasAccess
FNF:6
FNH:2
FNDA:0,(anonymous_1)
FNDA:0,(anonymous_2)
FNDA:3,(anonymous_3)
FNDA:0,(anonymous_4)
FNDA:0,(anonymous_5)
FNDA:3,hasAccess
DA:2,2
DA:3,2
DA:16,2
DA:18,0
DA:19,0
DA:21,0
DA:22,0
DA:23,0
DA:25,0
DA:29,2
DA:30,3
DA:31,3
DA:32,3
DA:34,2
DA:35,1
DA:36,1
DA:38,1
DA:39,1
DA:42,1
DA:48,2
DA:50,0
DA:52,0
DA:55,0
DA:56,0
DA:61,2
DA:62,3
DA:63,2
DA:65,2
DA:67,3
LF:29
LH:19
BRDA:22,0,0,0
BRDA:22,0,1,0
BRDA:34,1,0,1
BRDA:34,1,1,1
BRDA:62,2,0,2
BRDA:62,2,1,1
BRF:6
BRH:4
end_of_record
TN:
SF:src\middleware\expense.ts
FN:14,(anonymous_1)
FN:21,(anonymous_2)
FN:26,(anonymous_3)
FNF:3
FNH:1
FNDA:0,(anonymous_1)
FNDA:0,(anonymous_2)
FNDA:3,(anonymous_3)
DA:2,1
DA:3,1
DA:14,1
DA:16,0
DA:18,0
DA:21,0
DA:22,0
DA:26,1
DA:27,3
DA:28,3
DA:29,3
DA:31,2
DA:32,1
DA:33,1
DA:35,1
DA:36,1
DA:39,1
LF:17
LH:13
BRDA:31,0,0,1
BRDA:31,0,1,1
BRF:2
BRH:2
end_of_record
TN:
SF:src\models\Budget.ts
FN:26,(anonymous_3)
FN:33,(anonymous_4)
FN:36,(anonymous_5)
FNF:3
FNH:0
FNDA:0,(anonymous_3)
FNDA:0,(anonymous_4)
FNDA:0,(anonymous_5)
DA:1,2
DA:2,2
DA:3,2
DA:12,2
DA:18,2
DA:24,2
DA:26,0
DA:30,2
DA:33,0
DA:34,2
DA:36,0
DA:37,2
DA:41,2
LF:13
LH:10
BRF:0
BRH:0
end_of_record
TN:
SF:src\models\Expense.ts
FN:23,(anonymous_3)
FN:27,(anonymous_4)
FNF:2
FNH:0
FNDA:0,(anonymous_3)
FNDA:0,(anonymous_4)
DA:1,2
DA:2,2
DA:8,2
DA:14,2
DA:20,2
DA:23,0
DA:24,2
DA:27,0
DA:28,2
DA:32,2
LF:10
LH:8
BRF:0
BRH:0
end_of_record
TN:
SF:src\models\User.ts
FN:42,(anonymous_3)
FNF:1
FNH:0
FNDA:0,(anonymous_3)
DA:1,2
DA:3,2
DA:9,2
DA:15,2
DA:21,2
DA:28,2
DA:34,2
DA:40,2
DA:42,0
DA:46,2
DA:50,2
LF:11
LH:10
BRF:0
BRH:0
end_of_record
TN:
SF:src\test\mocks\budgets.ts
FNF:0
FNH:0
DA:1,3
LF:1
LH:1
BRF:0
BRH:0
end_of_record
TN:
SF:src\test\mocks\expenses.ts
FNF:0
FNH:0
DA:1,2
LF:1
LH:1
BRF:0
BRH:0
end_of_record
TN:
SF:src\utils\auth.ts
FN:3,(anonymous_1)
FN:9,(anonymous_2)
FNF:2
FNH:0
FNDA:0,(anonymous_1)
FNDA:0,(anonymous_2)
DA:1,1
DA:3,1
DA:4,0
DA:5,0
DA:9,1
DA:10,0
LF:6
LH:3
BRF:0
BRH:0
end_of_record
TN:
SF:src\utils\jwt.ts
FN:3,(anonymous_1)
FNF:1
FNH:0
FNDA:0,(anonymous_1)
DA:1,1
DA:3,1
DA:4,0
DA:8,0
LF:4
LH:2
BRF:0
BRH:0
end_of_record
TN:
SF:src\utils\token.ts
FN:1,(anonymous_0)
FNF:1
FNH:0
FNDA:0,(anonymous_0)
DA:1,1
LF:1
LH:1
BRF:0
BRH:0
end_of_record
